-- The C compiler identification is GNU 13.3.0
-- The CXX compiler identification is GNU 13.3.0
-- Detecting C compiler ABI info
-- Detecting C compiler ABI info - done
-- Check for working C compiler: /usr/bin/cc - skipped
-- Detecting C compile features
-- Detecting C compile features - done
-- Detecting CXX compiler ABI info
-- Detecting CXX compiler ABI info - done
-- Check for working CXX compiler: /usr/bin/c++ - skipped
-- Detecting CXX compile features
-- Detecting CXX compile features - done
-- Found ament_cmake: 2.5.3 (/opt/ros/jazzy/share/ament_cmake/cmake)
-- Found Python3: /usr/bin/python3 (found version "3.12.3") found components: Interpreter 
-- Found rclpy: 7.1.3 (/opt/ros/jazzy/share/rclpy/cmake)
-- Found rosidl_default_generators: 1.6.0 (/opt/ros/jazzy/share/rosidl_default_generators/cmake)
-- Using all available rosidl_typesupport_c: rosidl_typesupport_fastrtps_c;rosidl_typesupport_introspection_c
-- Using all available rosidl_typesupport_cpp: rosidl_typesupport_fastrtps_cpp;rosidl_typesupport_introspection_cpp
-- Found rosidl_adapter: 4.6.5 (/opt/ros/jazzy/share/rosidl_adapter/cmake)
-- Found std_msgs: 5.3.5 (/opt/ros/jazzy/share/std_msgs/cmake)
-- Found geometry_msgs: 5.3.5 (/opt/ros/jazzy/share/geometry_msgs/cmake)
-- Found ament_cmake_ros: 0.12.0 (/opt/ros/jazzy/share/ament_cmake_ros/cmake)
-- Using all available rosidl_typesupport_c: rosidl_typesupport_fastrtps_c;rosidl_typesupport_introspection_c
-- Using all available rosidl_typesupport_cpp: rosidl_typesupport_fastrtps_cpp;rosidl_typesupport_introspection_cpp
-- Found python_cmake_module: 0.11.1 (/opt/ros/jazzy/share/python_cmake_module/cmake)
-- Found PythonExtra: /usr/bin/python3  
-- Found Python3: /usr/bin/python3 (found version "3.12.3") found components: Interpreter Development NumPy Development.Module Development.Embed 
-- Configuring done (3.7s)
-- Generating done (0.0s)
[33mCMake Warning:
  Manually-specified variables were not used by the project:

    CATKIN_INSTALL_INTO_PREFIX_ROOT

[0m
-- Build files have been written to: /home/cafsanchezdi/ros2_ws/build/sdv_scripts
[  2%] [34m[1mGenerating type hashes for ROS interfaces[0m
[  2%] Built target ament_cmake_python_copy_sdv_scripts
[  2%] Built target sdv_scripts__rosidl_generator_type_description
[  5%] [34m[1mGenerating C code for ROS interfaces[0m
[  8%] [34m[1mGenerating C++ code for ROS interfaces[0m
running egg_info
creating sdv_scripts.egg-info
writing sdv_scripts.egg-info/PKG-INFO
writing dependency_links to sdv_scripts.egg-info/dependency_links.txt
writing top-level names to sdv_scripts.egg-info/top_level.txt
writing manifest file 'sdv_scripts.egg-info/SOURCES.txt'
reading manifest file 'sdv_scripts.egg-info/SOURCES.txt'
writing manifest file 'sdv_scripts.egg-info/SOURCES.txt'
[  8%] Built target ament_cmake_python_build_sdv_scripts_egg
[  8%] Built target sdv_scripts__cpp
[ 14%] [32mBuilding C object CMakeFiles/sdv_scripts__rosidl_generator_c.dir/rosidl_generator_c/sdv_scripts/msg/detail/udp__type_support.c.o[0m
[ 14%] [32mBuilding C object CMakeFiles/sdv_scripts__rosidl_generator_c.dir/rosidl_generator_c/sdv_scripts/msg/detail/udp__description.c.o[0m
[ 17%] [32mBuilding C object CMakeFiles/sdv_scripts__rosidl_generator_c.dir/rosidl_generator_c/sdv_scripts/msg/detail/udp__functions.c.o[0m
[ 20%] [32m[1mLinking C shared library libsdv_scripts__rosidl_generator_c.so[0m
[ 20%] Built target sdv_scripts__rosidl_generator_c
[ 23%] [34m[1mGenerating C++ type support dispatch for ROS interfaces[0m
[ 29%] [34m[1mGenerating C introspection for ROS interfaces[0m
[ 32%] [34m[1mGenerating C type support for eProsima Fast-RTPS[0m
[ 29%] [34m[1mGenerating C type support dispatch for ROS interfaces[0m
[ 35%] [32mBuilding CXX object CMakeFiles/sdv_scripts__rosidl_typesupport_c.dir/rosidl_typesupport_c/sdv_scripts/msg/udp__type_support.cpp.o[0m
[ 38%] [32mBuilding CXX object CMakeFiles/sdv_scripts__rosidl_typesupport_cpp.dir/rosidl_typesupport_cpp/sdv_scripts/msg/udp__type_support.cpp.o[0m
[ 41%] [32mBuilding C object CMakeFiles/sdv_scripts__rosidl_typesupport_introspection_c.dir/rosidl_typesupport_introspection_c/sdv_scripts/msg/detail/udp__type_support.c.o[0m
[ 44%] [32mBuilding CXX object CMakeFiles/sdv_scripts__rosidl_typesupport_fastrtps_c.dir/rosidl_typesupport_fastrtps_c/sdv_scripts/msg/detail/udp__type_support_c.cpp.o[0m
[ 47%] [32m[1mLinking CXX shared library libsdv_scripts__rosidl_typesupport_c.so[0m
[ 50%] [32m[1mLinking C shared library libsdv_scripts__rosidl_typesupport_introspection_c.so[0m
[ 50%] Built target sdv_scripts__rosidl_typesupport_c
[ 50%] Built target sdv_scripts__rosidl_typesupport_introspection_c
[ 52%] [34m[1mGenerating C++ type support for eProsima Fast-RTPS[0m
[ 55%] [34m[1mGenerating C++ introspection for ROS interfaces[0m
[ 58%] [32m[1mLinking CXX shared library libsdv_scripts__rosidl_typesupport_cpp.so[0m
[ 58%] Built target sdv_scripts__rosidl_typesupport_cpp
[ 61%] [32mBuilding CXX object CMakeFiles/sdv_scripts__rosidl_typesupport_introspection_cpp.dir/rosidl_typesupport_introspection_cpp/sdv_scripts/msg/detail/udp__type_support.cpp.o[0m
[ 64%] [32mBuilding CXX object CMakeFiles/sdv_scripts__rosidl_typesupport_fastrtps_cpp.dir/rosidl_typesupport_fastrtps_cpp/sdv_scripts/msg/detail/dds_fastrtps/udp__type_support.cpp.o[0m
[ 67%] [32m[1mLinking CXX shared library libsdv_scripts__rosidl_typesupport_fastrtps_c.so[0m
[ 67%] Built target sdv_scripts__rosidl_typesupport_fastrtps_c
[ 70%] [32m[1mLinking CXX shared library libsdv_scripts__rosidl_typesupport_introspection_cpp.so[0m
[ 70%] Built target sdv_scripts__rosidl_typesupport_introspection_cpp
[ 73%] [32m[1mLinking CXX shared library libsdv_scripts__rosidl_typesupport_fastrtps_cpp.so[0m
[ 73%] Built target sdv_scripts__rosidl_typesupport_fastrtps_cpp
[ 73%] Built target sdv_scripts
[ 76%] [34m[1mGenerating Python code for ROS interfaces[0m
[ 76%] Built target sdv_scripts__py
[ 79%] [32mBuilding C object CMakeFiles/sdv_scripts__rosidl_generator_py.dir/rosidl_generator_py/sdv_scripts/msg/_udp_s.c.o[0m
[ 82%] [32m[1mLinking C shared library libsdv_scripts__rosidl_generator_py.so[0m
[ 82%] Built target sdv_scripts__rosidl_generator_py
[ 88%] [32mBuilding C object CMakeFiles/sdv_scripts_s__rosidl_typesupport_fastrtps_c.dir/rosidl_generator_py/sdv_scripts/_sdv_scripts_s.ep.rosidl_typesupport_fastrtps_c.c.o[0m
[ 88%] [32mBuilding C object CMakeFiles/sdv_scripts_s__rosidl_typesupport_introspection_c.dir/rosidl_generator_py/sdv_scripts/_sdv_scripts_s.ep.rosidl_typesupport_introspection_c.c.o[0m
[ 91%] [32mBuilding C object CMakeFiles/sdv_scripts_s__rosidl_typesupport_c.dir/rosidl_generator_py/sdv_scripts/_sdv_scripts_s.ep.rosidl_typesupport_c.c.o[0m
[ 94%] [32m[1mLinking C shared module rosidl_generator_py/sdv_scripts/sdv_scripts_s__rosidl_typesupport_introspection_c.so[0m
[ 97%] [32m[1mLinking C shared module rosidl_generator_py/sdv_scripts/sdv_scripts_s__rosidl_typesupport_c.so[0m
[100%] [32m[1mLinking C shared module rosidl_generator_py/sdv_scripts/sdv_scripts_s__rosidl_typesupport_fastrtps_c.so[0m
[100%] Built target sdv_scripts_s__rosidl_typesupport_c
[100%] Built target sdv_scripts_s__rosidl_typesupport_introspection_c
[100%] Built target sdv_scripts_s__rosidl_typesupport_fastrtps_c
-- Install configuration: ""
-- Installing: /home/cafsanchezdi/ros2_ws/install/sdv_scripts/share/ament_index/resource_index/rosidl_interfaces/sdv_scripts
-- Installing: /home/cafsanchezdi/ros2_ws/install/sdv_scripts/share/sdv_scripts/msg/Udp.json
-- Installing: /home/cafsanchezdi/ros2_ws/install/sdv_scripts/include/sdv_scripts/sdv_scripts
-- Installing: /home/cafsanchezdi/ros2_ws/install/sdv_scripts/include/sdv_scripts/sdv_scripts/msg
-- Installing: /home/cafsanchezdi/ros2_ws/install/sdv_scripts/include/sdv_scripts/sdv_scripts/msg/udp.h
-- Installing: /home/cafsanchezdi/ros2_ws/install/sdv_scripts/include/sdv_scripts/sdv_scripts/msg/rosidl_generator_c__visibility_control.h
-- Installing: /home/cafsanchezdi/ros2_ws/install/sdv_scripts/include/sdv_scripts/sdv_scripts/msg/detail
-- Installing: /home/cafsanchezdi/ros2_ws/install/sdv_scripts/include/sdv_scripts/sdv_scripts/msg/detail/udp__struct.h
-- Installing: /home/cafsanchezdi/ros2_ws/install/sdv_scripts/include/sdv_scripts/sdv_scripts/msg/detail/udp__type_support.h
-- Installing: /home/cafsanchezdi/ros2_ws/install/sdv_scripts/include/sdv_scripts/sdv_scripts/msg/detail/udp__functions.c
-- Installing: /home/cafsanchezdi/ros2_ws/install/sdv_scripts/include/sdv_scripts/sdv_scripts/msg/detail/udp__functions.h
-- Installing: /home/cafsanchezdi/ros2_ws/install/sdv_scripts/include/sdv_scripts/sdv_scripts/msg/detail/udp__type_support.c
-- Installing: /home/cafsanchezdi/ros2_ws/install/sdv_scripts/include/sdv_scripts/sdv_scripts/msg/detail/udp__description.c
-- Installing: /home/cafsanchezdi/ros2_ws/install/sdv_scripts/share/sdv_scripts/environment/library_path.sh
-- Installing: /home/cafsanchezdi/ros2_ws/install/sdv_scripts/share/sdv_scripts/environment/library_path.dsv
-- Installing: /home/cafsanchezdi/ros2_ws/install/sdv_scripts/lib/libsdv_scripts__rosidl_generator_c.so
-- Set non-toolchain portion of runtime path of "/home/cafsanchezdi/ros2_ws/install/sdv_scripts/lib/libsdv_scripts__rosidl_generator_c.so" to ""
-- Up-to-date: /home/cafsanchezdi/ros2_ws/install/sdv_scripts/include/sdv_scripts/sdv_scripts
-- Up-to-date: /home/cafsanchezdi/ros2_ws/install/sdv_scripts/include/sdv_scripts/sdv_scripts/msg
-- Installing: /home/cafsanchezdi/ros2_ws/install/sdv_scripts/include/sdv_scripts/sdv_scripts/msg/rosidl_typesupport_fastrtps_c__visibility_control.h
-- Up-to-date: /home/cafsanchezdi/ros2_ws/install/sdv_scripts/include/sdv_scripts/sdv_scripts/msg/detail
-- Installing: /home/cafsanchezdi/ros2_ws/install/sdv_scripts/include/sdv_scripts/sdv_scripts/msg/detail/udp__rosidl_typesupport_fastrtps_c.h
-- Installing: /home/cafsanchezdi/ros2_ws/install/sdv_scripts/lib/libsdv_scripts__rosidl_typesupport_fastrtps_c.so
-- Set non-toolchain portion of runtime path of "/home/cafsanchezdi/ros2_ws/install/sdv_scripts/lib/libsdv_scripts__rosidl_typesupport_fastrtps_c.so" to ""
-- Up-to-date: /home/cafsanchezdi/ros2_ws/install/sdv_scripts/include/sdv_scripts/sdv_scripts
-- Up-to-date: /home/cafsanchezdi/ros2_ws/install/sdv_scripts/include/sdv_scripts/sdv_scripts/msg
-- Installing: /home/cafsanchezdi/ros2_ws/install/sdv_scripts/include/sdv_scripts/sdv_scripts/msg/rosidl_typesupport_introspection_c__visibility_control.h
-- Up-to-date: /home/cafsanchezdi/ros2_ws/install/sdv_scripts/include/sdv_scripts/sdv_scripts/msg/detail
-- Installing: /home/cafsanchezdi/ros2_ws/install/sdv_scripts/include/sdv_scripts/sdv_scripts/msg/detail/udp__rosidl_typesupport_introspection_c.h
-- Installing: /home/cafsanchezdi/ros2_ws/install/sdv_scripts/include/sdv_scripts/sdv_scripts/msg/detail/udp__type_support.c
-- Installing: /home/cafsanchezdi/ros2_ws/install/sdv_scripts/lib/libsdv_scripts__rosidl_typesupport_introspection_c.so
-- Set non-toolchain portion of runtime path of "/home/cafsanchezdi/ros2_ws/install/sdv_scripts/lib/libsdv_scripts__rosidl_typesupport_introspection_c.so" to ""
-- Installing: /home/cafsanchezdi/ros2_ws/install/sdv_scripts/lib/libsdv_scripts__rosidl_typesupport_c.so
-- Set non-toolchain portion of runtime path of "/home/cafsanchezdi/ros2_ws/install/sdv_scripts/lib/libsdv_scripts__rosidl_typesupport_c.so" to ""
-- Up-to-date: /home/cafsanchezdi/ros2_ws/install/sdv_scripts/include/sdv_scripts/sdv_scripts
-- Up-to-date: /home/cafsanchezdi/ros2_ws/install/sdv_scripts/include/sdv_scripts/sdv_scripts/msg
-- Installing: /home/cafsanchezdi/ros2_ws/install/sdv_scripts/include/sdv_scripts/sdv_scripts/msg/udp.hpp
-- Installing: /home/cafsanchezdi/ros2_ws/install/sdv_scripts/include/sdv_scripts/sdv_scripts/msg/rosidl_generator_cpp__visibility_control.hpp
-- Up-to-date: /home/cafsanchezdi/ros2_ws/install/sdv_scripts/include/sdv_scripts/sdv_scripts/msg/detail
-- Installing: /home/cafsanchezdi/ros2_ws/install/sdv_scripts/include/sdv_scripts/sdv_scripts/msg/detail/udp__traits.hpp
-- Installing: /home/cafsanchezdi/ros2_ws/install/sdv_scripts/include/sdv_scripts/sdv_scripts/msg/detail/udp__struct.hpp
-- Installing: /home/cafsanchezdi/ros2_ws/install/sdv_scripts/include/sdv_scripts/sdv_scripts/msg/detail/udp__type_support.hpp
-- Installing: /home/cafsanchezdi/ros2_ws/install/sdv_scripts/include/sdv_scripts/sdv_scripts/msg/detail/udp__builder.hpp
-- Up-to-date: /home/cafsanchezdi/ros2_ws/install/sdv_scripts/include/sdv_scripts/sdv_scripts
-- Up-to-date: /home/cafsanchezdi/ros2_ws/install/sdv_scripts/include/sdv_scripts/sdv_scripts/msg
-- Installing: /home/cafsanchezdi/ros2_ws/install/sdv_scripts/include/sdv_scripts/sdv_scripts/msg/rosidl_typesupport_fastrtps_cpp__visibility_control.h
-- Up-to-date: /home/cafsanchezdi/ros2_ws/install/sdv_scripts/include/sdv_scripts/sdv_scripts/msg/detail
-- Installing: /home/cafsanchezdi/ros2_ws/install/sdv_scripts/include/sdv_scripts/sdv_scripts/msg/detail/dds_fastrtps
-- Installing: /home/cafsanchezdi/ros2_ws/install/sdv_scripts/include/sdv_scripts/sdv_scripts/msg/detail/udp__rosidl_typesupport_fastrtps_cpp.hpp
-- Installing: /home/cafsanchezdi/ros2_ws/install/sdv_scripts/lib/libsdv_scripts__rosidl_typesupport_fastrtps_cpp.so
-- Set non-toolchain portion of runtime path of "/home/cafsanchezdi/ros2_ws/install/sdv_scripts/lib/libsdv_scripts__rosidl_typesupport_fastrtps_cpp.so" to ""
-- Up-to-date: /home/cafsanchezdi/ros2_ws/install/sdv_scripts/include/sdv_scripts/sdv_scripts
-- Up-to-date: /home/cafsanchezdi/ros2_ws/install/sdv_scripts/include/sdv_scripts/sdv_scripts/msg
-- Up-to-date: /home/cafsanchezdi/ros2_ws/install/sdv_scripts/include/sdv_scripts/sdv_scripts/msg/detail
-- Installing: /home/cafsanchezdi/ros2_ws/install/sdv_scripts/include/sdv_scripts/sdv_scripts/msg/detail/udp__rosidl_typesupport_introspection_cpp.hpp
-- Installing: /home/cafsanchezdi/ros2_ws/install/sdv_scripts/include/sdv_scripts/sdv_scripts/msg/detail/udp__type_support.cpp
-- Installing: /home/cafsanchezdi/ros2_ws/install/sdv_scripts/lib/libsdv_scripts__rosidl_typesupport_introspection_cpp.so
-- Set non-toolchain portion of runtime path of "/home/cafsanchezdi/ros2_ws/install/sdv_scripts/lib/libsdv_scripts__rosidl_typesupport_introspection_cpp.so" to ""
-- Installing: /home/cafsanchezdi/ros2_ws/install/sdv_scripts/lib/libsdv_scripts__rosidl_typesupport_cpp.so
-- Set non-toolchain portion of runtime path of "/home/cafsanchezdi/ros2_ws/install/sdv_scripts/lib/libsdv_scripts__rosidl_typesupport_cpp.so" to ""
-- Installing: /home/cafsanchezdi/ros2_ws/install/sdv_scripts/share/sdv_scripts/environment/pythonpath.sh
-- Installing: /home/cafsanchezdi/ros2_ws/install/sdv_scripts/share/sdv_scripts/environment/pythonpath.dsv
-- Installing: /home/cafsanchezdi/ros2_ws/install/sdv_scripts/lib/python3.12/site-packages/sdv_scripts-0.0.1-py3.12.egg-info
-- Installing: /home/cafsanchezdi/ros2_ws/install/sdv_scripts/lib/python3.12/site-packages/sdv_scripts-0.0.1-py3.12.egg-info/PKG-INFO
-- Installing: /home/cafsanchezdi/ros2_ws/install/sdv_scripts/lib/python3.12/site-packages/sdv_scripts-0.0.1-py3.12.egg-info/dependency_links.txt
-- Installing: /home/cafsanchezdi/ros2_ws/install/sdv_scripts/lib/python3.12/site-packages/sdv_scripts-0.0.1-py3.12.egg-info/SOURCES.txt
-- Installing: /home/cafsanchezdi/ros2_ws/install/sdv_scripts/lib/python3.12/site-packages/sdv_scripts-0.0.1-py3.12.egg-info/top_level.txt
-- Installing: /home/cafsanchezdi/ros2_ws/install/sdv_scripts/lib/python3.12/site-packages/sdv_scripts
-- Installing: /home/cafsanchezdi/ros2_ws/install/sdv_scripts/lib/python3.12/site-packages/sdv_scripts/sdv_scripts_s__rosidl_typesupport_introspection_c.so
-- Installing: /home/cafsanchezdi/ros2_ws/install/sdv_scripts/lib/python3.12/site-packages/sdv_scripts/sdv_scripts_s__rosidl_typesupport_c.so
-- Installing: /home/cafsanchezdi/ros2_ws/install/sdv_scripts/lib/python3.12/site-packages/sdv_scripts/_sdv_scripts_s.ep.rosidl_typesupport_introspection_c.c
-- Installing: /home/cafsanchezdi/ros2_ws/install/sdv_scripts/lib/python3.12/site-packages/sdv_scripts/_sdv_scripts_s.ep.rosidl_typesupport_c.c
-- Installing: /home/cafsanchezdi/ros2_ws/install/sdv_scripts/lib/python3.12/site-packages/sdv_scripts/sdv_scripts_s__rosidl_typesupport_fastrtps_c.so
-- Installing: /home/cafsanchezdi/ros2_ws/install/sdv_scripts/lib/python3.12/site-packages/sdv_scripts/msg
-- Installing: /home/cafsanchezdi/ros2_ws/install/sdv_scripts/lib/python3.12/site-packages/sdv_scripts/msg/_udp_s.c
-- Installing: /home/cafsanchezdi/ros2_ws/install/sdv_scripts/lib/python3.12/site-packages/sdv_scripts/msg/_udp.py
-- Installing: /home/cafsanchezdi/ros2_ws/install/sdv_scripts/lib/python3.12/site-packages/sdv_scripts/msg/__init__.py
-- Installing: /home/cafsanchezdi/ros2_ws/install/sdv_scripts/lib/python3.12/site-packages/sdv_scripts/_sdv_scripts_s.ep.rosidl_typesupport_fastrtps_c.c
-- Installing: /home/cafsanchezdi/ros2_ws/install/sdv_scripts/lib/python3.12/site-packages/sdv_scripts/__init__.py
Listing '/home/cafsanchezdi/ros2_ws/install/sdv_scripts/lib/python3.12/site-packages/sdv_scripts'...
Compiling '/home/cafsanchezdi/ros2_ws/install/sdv_scripts/lib/python3.12/site-packages/sdv_scripts/__init__.py'...
Listing '/home/cafsanchezdi/ros2_ws/install/sdv_scripts/lib/python3.12/site-packages/sdv_scripts/msg'...
Compiling '/home/cafsanchezdi/ros2_ws/install/sdv_scripts/lib/python3.12/site-packages/sdv_scripts/msg/__init__.py'...
Compiling '/home/cafsanchezdi/ros2_ws/install/sdv_scripts/lib/python3.12/site-packages/sdv_scripts/msg/_udp.py'...
-- Installing: /home/cafsanchezdi/ros2_ws/install/sdv_scripts/lib/python3.12/site-packages/sdv_scripts/sdv_scripts_s__rosidl_typesupport_fastrtps_c.so
-- Set non-toolchain portion of runtime path of "/home/cafsanchezdi/ros2_ws/install/sdv_scripts/lib/python3.12/site-packages/sdv_scripts/sdv_scripts_s__rosidl_typesupport_fastrtps_c.so" to ""
-- Installing: /home/cafsanchezdi/ros2_ws/install/sdv_scripts/lib/python3.12/site-packages/sdv_scripts/sdv_scripts_s__rosidl_typesupport_introspection_c.so
-- Set non-toolchain portion of runtime path of "/home/cafsanchezdi/ros2_ws/install/sdv_scripts/lib/python3.12/site-packages/sdv_scripts/sdv_scripts_s__rosidl_typesupport_introspection_c.so" to ""
-- Installing: /home/cafsanchezdi/ros2_ws/install/sdv_scripts/lib/python3.12/site-packages/sdv_scripts/sdv_scripts_s__rosidl_typesupport_c.so
-- Set non-toolchain portion of runtime path of "/home/cafsanchezdi/ros2_ws/install/sdv_scripts/lib/python3.12/site-packages/sdv_scripts/sdv_scripts_s__rosidl_typesupport_c.so" to ""
-- Installing: /home/cafsanchezdi/ros2_ws/install/sdv_scripts/lib/libsdv_scripts__rosidl_generator_py.so
-- Set non-toolchain portion of runtime path of "/home/cafsanchezdi/ros2_ws/install/sdv_scripts/lib/libsdv_scripts__rosidl_generator_py.so" to ""
-- Installing: /home/cafsanchezdi/ros2_ws/install/sdv_scripts/share/sdv_scripts/msg/Udp.idl
-- Installing: /home/cafsanchezdi/ros2_ws/install/sdv_scripts/share/sdv_scripts/msg/Udp.msg
-- Installing: /home/cafsanchezdi/ros2_ws/install/sdv_scripts/share/ament_index/resource_index/package_run_dependencies/sdv_scripts
-- Installing: /home/cafsanchezdi/ros2_ws/install/sdv_scripts/share/ament_index/resource_index/parent_prefix_path/sdv_scripts
-- Installing: /home/cafsanchezdi/ros2_ws/install/sdv_scripts/share/sdv_scripts/environment/ament_prefix_path.sh
-- Installing: /home/cafsanchezdi/ros2_ws/install/sdv_scripts/share/sdv_scripts/environment/ament_prefix_path.dsv
-- Installing: /home/cafsanchezdi/ros2_ws/install/sdv_scripts/share/sdv_scripts/environment/path.sh
-- Installing: /home/cafsanchezdi/ros2_ws/install/sdv_scripts/share/sdv_scripts/environment/path.dsv
-- Installing: /home/cafsanchezdi/ros2_ws/install/sdv_scripts/share/sdv_scripts/local_setup.bash
-- Installing: /home/cafsanchezdi/ros2_ws/install/sdv_scripts/share/sdv_scripts/local_setup.sh
-- Installing: /home/cafsanchezdi/ros2_ws/install/sdv_scripts/share/sdv_scripts/local_setup.zsh
-- Installing: /home/cafsanchezdi/ros2_ws/install/sdv_scripts/share/sdv_scripts/local_setup.dsv
-- Installing: /home/cafsanchezdi/ros2_ws/install/sdv_scripts/share/sdv_scripts/package.dsv
-- Installing: /home/cafsanchezdi/ros2_ws/install/sdv_scripts/share/ament_index/resource_index/packages/sdv_scripts
-- Installing: /home/cafsanchezdi/ros2_ws/install/sdv_scripts/share/sdv_scripts/cmake/export_sdv_scripts__rosidl_generator_cExport.cmake
-- Installing: /home/cafsanchezdi/ros2_ws/install/sdv_scripts/share/sdv_scripts/cmake/export_sdv_scripts__rosidl_generator_cExport-noconfig.cmake
-- Installing: /home/cafsanchezdi/ros2_ws/install/sdv_scripts/share/sdv_scripts/cmake/export_sdv_scripts__rosidl_typesupport_fastrtps_cExport.cmake
-- Installing: /home/cafsanchezdi/ros2_ws/install/sdv_scripts/share/sdv_scripts/cmake/export_sdv_scripts__rosidl_typesupport_fastrtps_cExport-noconfig.cmake
-- Installing: /home/cafsanchezdi/ros2_ws/install/sdv_scripts/share/sdv_scripts/cmake/sdv_scripts__rosidl_typesupport_introspection_cExport.cmake
-- Installing: /home/cafsanchezdi/ros2_ws/install/sdv_scripts/share/sdv_scripts/cmake/sdv_scripts__rosidl_typesupport_introspection_cExport-noconfig.cmake
-- Installing: /home/cafsanchezdi/ros2_ws/install/sdv_scripts/share/sdv_scripts/cmake/sdv_scripts__rosidl_typesupport_cExport.cmake
-- Installing: /home/cafsanchezdi/ros2_ws/install/sdv_scripts/share/sdv_scripts/cmake/sdv_scripts__rosidl_typesupport_cExport-noconfig.cmake
-- Installing: /home/cafsanchezdi/ros2_ws/install/sdv_scripts/share/sdv_scripts/cmake/export_sdv_scripts__rosidl_generator_cppExport.cmake
-- Installing: /home/cafsanchezdi/ros2_ws/install/sdv_scripts/share/sdv_scripts/cmake/export_sdv_scripts__rosidl_typesupport_fastrtps_cppExport.cmake
-- Installing: /home/cafsanchezdi/ros2_ws/install/sdv_scripts/share/sdv_scripts/cmake/export_sdv_scripts__rosidl_typesupport_fastrtps_cppExport-noconfig.cmake
-- Installing: /home/cafsanchezdi/ros2_ws/install/sdv_scripts/share/sdv_scripts/cmake/sdv_scripts__rosidl_typesupport_introspection_cppExport.cmake
-- Installing: /home/cafsanchezdi/ros2_ws/install/sdv_scripts/share/sdv_scripts/cmake/sdv_scripts__rosidl_typesupport_introspection_cppExport-noconfig.cmake
-- Installing: /home/cafsanchezdi/ros2_ws/install/sdv_scripts/share/sdv_scripts/cmake/sdv_scripts__rosidl_typesupport_cppExport.cmake
-- Installing: /home/cafsanchezdi/ros2_ws/install/sdv_scripts/share/sdv_scripts/cmake/sdv_scripts__rosidl_typesupport_cppExport-noconfig.cmake
-- Installing: /home/cafsanchezdi/ros2_ws/install/sdv_scripts/share/sdv_scripts/cmake/export_sdv_scripts__rosidl_generator_pyExport.cmake
-- Installing: /home/cafsanchezdi/ros2_ws/install/sdv_scripts/share/sdv_scripts/cmake/export_sdv_scripts__rosidl_generator_pyExport-noconfig.cmake
-- Installing: /home/cafsanchezdi/ros2_ws/install/sdv_scripts/share/sdv_scripts/cmake/rosidl_cmake-extras.cmake
-- Installing: /home/cafsanchezdi/ros2_ws/install/sdv_scripts/share/sdv_scripts/cmake/ament_cmake_export_dependencies-extras.cmake
-- Installing: /home/cafsanchezdi/ros2_ws/install/sdv_scripts/share/sdv_scripts/cmake/ament_cmake_export_include_directories-extras.cmake
-- Installing: /home/cafsanchezdi/ros2_ws/install/sdv_scripts/share/sdv_scripts/cmake/ament_cmake_export_libraries-extras.cmake
-- Installing: /home/cafsanchezdi/ros2_ws/install/sdv_scripts/share/sdv_scripts/cmake/ament_cmake_export_targets-extras.cmake
-- Installing: /home/cafsanchezdi/ros2_ws/install/sdv_scripts/share/sdv_scripts/cmake/rosidl_cmake_export_typesupport_targets-extras.cmake
-- Installing: /home/cafsanchezdi/ros2_ws/install/sdv_scripts/share/sdv_scripts/cmake/rosidl_cmake_export_typesupport_libraries-extras.cmake
-- Installing: /home/cafsanchezdi/ros2_ws/install/sdv_scripts/share/sdv_scripts/cmake/sdv_scriptsConfig.cmake
-- Installing: /home/cafsanchezdi/ros2_ws/install/sdv_scripts/share/sdv_scripts/cmake/sdv_scriptsConfig-version.cmake
-- Installing: /home/cafsanchezdi/ros2_ws/install/sdv_scripts/share/sdv_scripts/package.xml
