[0.099s] DEBUG:colcon:Command line arguments: ['/usr/bin/colcon', 'build', '--packages-select', 'sdv_scripts']
[0.100s] DEBUG:colcon:Parsed command line arguments: Namespace(log_base=None, log_level=None, verb_name='build', build_base='build', install_base='install', merge_install=False, symlink_install=False, test_result_base=None, continue_on_error=False, executor='parallel', parallel_workers=4, event_handlers=None, ignore_user_meta=False, metas=['./colcon.meta'], base_paths=['.'], packages_ignore=None, packages_ignore_regex=None, paths=None, packages_up_to=None, packages_up_to_regex=None, packages_above=None, packages_above_and_dependencies=None, packages_above_depth=None, packages_select_by_dep=None, packages_skip_by_dep=None, packages_skip_up_to=None, packages_select_build_failed=False, packages_skip_build_finished=False, packages_select_test_failures=False, packages_skip_test_passed=False, packages_select=['sdv_scripts'], packages_skip=None, packages_select_regex=None, packages_skip_regex=None, packages_start=None, packages_end=None, allow_overriding=[], cmake_args=None, cmake_target=None, cmake_target_skip_unavailable=False, cmake_clean_cache=False, cmake_clean_first=False, cmake_force_configure=False, ament_cmake_args=None, catkin_cmake_args=None, catkin_skip_building_tests=False, mixin_files=None, mixin=None, verb_parser=<colcon_mixin.mixin.mixin_argument.MixinArgumentDecorator object at 0x7e1d79aa4d70>, verb_extension=<colcon_core.verb.build.BuildVerb object at 0x7e1d79aa4650>, main=<bound method BuildVerb.main of <colcon_core.verb.build.BuildVerb object at 0x7e1d79aa4650>>, mixin_verb=('build',))
[0.138s] Level 1:colcon.colcon_core.package_discovery:discover_packages(colcon_meta) check parameters
[0.138s] Level 1:colcon.colcon_core.package_discovery:discover_packages(recursive) check parameters
[0.138s] Level 1:colcon.colcon_core.package_discovery:discover_packages(ignore) check parameters
[0.138s] Level 1:colcon.colcon_core.package_discovery:discover_packages(path) check parameters
[0.138s] Level 1:colcon.colcon_core.package_discovery:discover_packages(colcon_meta) discover
[0.138s] Level 1:colcon.colcon_core.package_discovery:discover_packages(recursive) discover
[0.138s] INFO:colcon.colcon_core.package_discovery:Crawling recursively for packages in '/home/cafsanchezdi/ros2_ws'
[0.138s] Level 1:colcon.colcon_core.package_identification:_identify(.) by extensions ['ignore', 'ignore_ament_install']
[0.138s] Level 1:colcon.colcon_core.package_identification:_identify(.) by extension 'ignore'
[0.138s] Level 1:colcon.colcon_core.package_identification:_identify(.) by extension 'ignore_ament_install'
[0.138s] Level 1:colcon.colcon_core.package_identification:_identify(.) by extensions ['colcon_pkg']
[0.138s] Level 1:colcon.colcon_core.package_identification:_identify(.) by extension 'colcon_pkg'
[0.139s] Level 1:colcon.colcon_core.package_identification:_identify(.) by extensions ['colcon_meta']
[0.139s] Level 1:colcon.colcon_core.package_identification:_identify(.) by extension 'colcon_meta'
[0.139s] Level 1:colcon.colcon_core.package_identification:_identify(.) by extensions ['ros']
[0.139s] Level 1:colcon.colcon_core.package_identification:_identify(.) by extension 'ros'
[0.164s] Level 1:colcon.colcon_core.package_identification:_identify(.) by extensions ['cmake', 'python']
[0.164s] Level 1:colcon.colcon_core.package_identification:_identify(.) by extension 'cmake'
[0.164s] Level 1:colcon.colcon_core.package_identification:_identify(.) by extension 'python'
[0.164s] Level 1:colcon.colcon_core.package_identification:_identify(.) by extensions ['python_setup_py']
[0.164s] Level 1:colcon.colcon_core.package_identification:_identify(.) by extension 'python_setup_py'
[0.164s] Level 1:colcon.colcon_core.package_identification:_identify(build) by extensions ['ignore', 'ignore_ament_install']
[0.164s] Level 1:colcon.colcon_core.package_identification:_identify(build) by extension 'ignore'
[0.164s] Level 1:colcon.colcon_core.package_identification:_identify(build) ignored
[0.164s] Level 1:colcon.colcon_core.package_identification:_identify(install) by extensions ['ignore', 'ignore_ament_install']
[0.164s] Level 1:colcon.colcon_core.package_identification:_identify(install) by extension 'ignore'
[0.164s] Level 1:colcon.colcon_core.package_identification:_identify(install) ignored
[0.164s] Level 1:colcon.colcon_core.package_identification:_identify(log) by extensions ['ignore', 'ignore_ament_install']
[0.164s] Level 1:colcon.colcon_core.package_identification:_identify(log) by extension 'ignore'
[0.164s] Level 1:colcon.colcon_core.package_identification:_identify(log) ignored
[0.164s] Level 1:colcon.colcon_core.package_identification:_identify(src) by extensions ['ignore', 'ignore_ament_install']
[0.164s] Level 1:colcon.colcon_core.package_identification:_identify(src) by extension 'ignore'
[0.165s] Level 1:colcon.colcon_core.package_identification:_identify(src) by extension 'ignore_ament_install'
[0.165s] Level 1:colcon.colcon_core.package_identification:_identify(src) by extensions ['colcon_pkg']
[0.165s] Level 1:colcon.colcon_core.package_identification:_identify(src) by extension 'colcon_pkg'
[0.165s] Level 1:colcon.colcon_core.package_identification:_identify(src) by extensions ['colcon_meta']
[0.165s] Level 1:colcon.colcon_core.package_identification:_identify(src) by extension 'colcon_meta'
[0.165s] Level 1:colcon.colcon_core.package_identification:_identify(src) by extensions ['ros']
[0.165s] Level 1:colcon.colcon_core.package_identification:_identify(src) by extension 'ros'
[0.165s] Level 1:colcon.colcon_core.package_identification:_identify(src) by extensions ['cmake', 'python']
[0.165s] Level 1:colcon.colcon_core.package_identification:_identify(src) by extension 'cmake'
[0.165s] Level 1:colcon.colcon_core.package_identification:_identify(src) by extension 'python'
[0.165s] Level 1:colcon.colcon_core.package_identification:_identify(src) by extensions ['python_setup_py']
[0.165s] Level 1:colcon.colcon_core.package_identification:_identify(src) by extension 'python_setup_py'
[0.165s] Level 1:colcon.colcon_core.package_identification:_identify(src/sdv_scripts) by extensions ['ignore', 'ignore_ament_install']
[0.165s] Level 1:colcon.colcon_core.package_identification:_identify(src/sdv_scripts) by extension 'ignore'
[0.165s] Level 1:colcon.colcon_core.package_identification:_identify(src/sdv_scripts) by extension 'ignore_ament_install'
[0.165s] Level 1:colcon.colcon_core.package_identification:_identify(src/sdv_scripts) by extensions ['colcon_pkg']
[0.165s] Level 1:colcon.colcon_core.package_identification:_identify(src/sdv_scripts) by extension 'colcon_pkg'
[0.165s] Level 1:colcon.colcon_core.package_identification:_identify(src/sdv_scripts) by extensions ['colcon_meta']
[0.165s] Level 1:colcon.colcon_core.package_identification:_identify(src/sdv_scripts) by extension 'colcon_meta'
[0.165s] Level 1:colcon.colcon_core.package_identification:_identify(src/sdv_scripts) by extensions ['ros']
[0.165s] Level 1:colcon.colcon_core.package_identification:_identify(src/sdv_scripts) by extension 'ros'
[0.167s] DEBUG:colcon.colcon_core.package_identification:Package 'src/sdv_scripts' with type 'ros.catkin' and name 'sdv_scripts'
[0.167s] Level 1:colcon.colcon_core.package_identification:_identify(src/sdv_un_ros) by extensions ['ignore', 'ignore_ament_install']
[0.167s] Level 1:colcon.colcon_core.package_identification:_identify(src/sdv_un_ros) by extension 'ignore'
[0.168s] Level 1:colcon.colcon_core.package_identification:_identify(src/sdv_un_ros) by extension 'ignore_ament_install'
[0.168s] Level 1:colcon.colcon_core.package_identification:_identify(src/sdv_un_ros) by extensions ['colcon_pkg']
[0.168s] Level 1:colcon.colcon_core.package_identification:_identify(src/sdv_un_ros) by extension 'colcon_pkg'
[0.168s] Level 1:colcon.colcon_core.package_identification:_identify(src/sdv_un_ros) by extensions ['colcon_meta']
[0.168s] Level 1:colcon.colcon_core.package_identification:_identify(src/sdv_un_ros) by extension 'colcon_meta'
[0.168s] Level 1:colcon.colcon_core.package_identification:_identify(src/sdv_un_ros) by extensions ['ros']
[0.168s] Level 1:colcon.colcon_core.package_identification:_identify(src/sdv_un_ros) by extension 'ros'
[0.168s] Level 1:colcon.colcon_core.package_identification:_identify(src/sdv_un_ros) by extensions ['cmake', 'python']
[0.168s] Level 1:colcon.colcon_core.package_identification:_identify(src/sdv_un_ros) by extension 'cmake'
[0.168s] Level 1:colcon.colcon_core.package_identification:_identify(src/sdv_un_ros) by extension 'python'
[0.168s] Level 1:colcon.colcon_core.package_identification:_identify(src/sdv_un_ros) by extensions ['python_setup_py']
[0.168s] Level 1:colcon.colcon_core.package_identification:_identify(src/sdv_un_ros) by extension 'python_setup_py'
[0.168s] Level 1:colcon.colcon_core.package_identification:_identify(src/sdv_un_ros/sdv_joystick) by extensions ['ignore', 'ignore_ament_install']
[0.168s] Level 1:colcon.colcon_core.package_identification:_identify(src/sdv_un_ros/sdv_joystick) by extension 'ignore'
[0.168s] Level 1:colcon.colcon_core.package_identification:_identify(src/sdv_un_ros/sdv_joystick) by extension 'ignore_ament_install'
[0.168s] Level 1:colcon.colcon_core.package_identification:_identify(src/sdv_un_ros/sdv_joystick) by extensions ['colcon_pkg']
[0.168s] Level 1:colcon.colcon_core.package_identification:_identify(src/sdv_un_ros/sdv_joystick) by extension 'colcon_pkg'
[0.168s] Level 1:colcon.colcon_core.package_identification:_identify(src/sdv_un_ros/sdv_joystick) by extensions ['colcon_meta']
[0.168s] Level 1:colcon.colcon_core.package_identification:_identify(src/sdv_un_ros/sdv_joystick) by extension 'colcon_meta'
[0.168s] Level 1:colcon.colcon_core.package_identification:_identify(src/sdv_un_ros/sdv_joystick) by extensions ['ros']
[0.168s] Level 1:colcon.colcon_core.package_identification:_identify(src/sdv_un_ros/sdv_joystick) by extension 'ros'
[0.169s] DEBUG:colcon.colcon_core.package_identification:Package 'src/sdv_un_ros/sdv_joystick' with type 'ros.ament_cmake' and name 'sdv_joystick'
[0.169s] Level 1:colcon.colcon_core.package_identification:_identify(src/sdv_un_ros/sdv_msgs) by extensions ['ignore', 'ignore_ament_install']
[0.169s] Level 1:colcon.colcon_core.package_identification:_identify(src/sdv_un_ros/sdv_msgs) by extension 'ignore'
[0.169s] Level 1:colcon.colcon_core.package_identification:_identify(src/sdv_un_ros/sdv_msgs) by extension 'ignore_ament_install'
[0.169s] Level 1:colcon.colcon_core.package_identification:_identify(src/sdv_un_ros/sdv_msgs) by extensions ['colcon_pkg']
[0.169s] Level 1:colcon.colcon_core.package_identification:_identify(src/sdv_un_ros/sdv_msgs) by extension 'colcon_pkg'
[0.169s] Level 1:colcon.colcon_core.package_identification:_identify(src/sdv_un_ros/sdv_msgs) by extensions ['colcon_meta']
[0.169s] Level 1:colcon.colcon_core.package_identification:_identify(src/sdv_un_ros/sdv_msgs) by extension 'colcon_meta'
[0.169s] Level 1:colcon.colcon_core.package_identification:_identify(src/sdv_un_ros/sdv_msgs) by extensions ['ros']
[0.169s] Level 1:colcon.colcon_core.package_identification:_identify(src/sdv_un_ros/sdv_msgs) by extension 'ros'
[0.170s] DEBUG:colcon.colcon_core.package_identification:Package 'src/sdv_un_ros/sdv_msgs' with type 'ros.ament_cmake' and name 'sdv_msgs'
[0.170s] Level 1:colcon.colcon_core.package_identification:_identify(src/sdv_un_ros/sdv_nav) by extensions ['ignore', 'ignore_ament_install']
[0.170s] Level 1:colcon.colcon_core.package_identification:_identify(src/sdv_un_ros/sdv_nav) by extension 'ignore'
[0.170s] Level 1:colcon.colcon_core.package_identification:_identify(src/sdv_un_ros/sdv_nav) by extension 'ignore_ament_install'
[0.170s] Level 1:colcon.colcon_core.package_identification:_identify(src/sdv_un_ros/sdv_nav) by extensions ['colcon_pkg']
[0.170s] Level 1:colcon.colcon_core.package_identification:_identify(src/sdv_un_ros/sdv_nav) by extension 'colcon_pkg'
[0.170s] Level 1:colcon.colcon_core.package_identification:_identify(src/sdv_un_ros/sdv_nav) by extensions ['colcon_meta']
[0.170s] Level 1:colcon.colcon_core.package_identification:_identify(src/sdv_un_ros/sdv_nav) by extension 'colcon_meta'
[0.170s] Level 1:colcon.colcon_core.package_identification:_identify(src/sdv_un_ros/sdv_nav) by extensions ['ros']
[0.170s] Level 1:colcon.colcon_core.package_identification:_identify(src/sdv_un_ros/sdv_nav) by extension 'ros'
[0.170s] DEBUG:colcon.colcon_core.package_identification:Package 'src/sdv_un_ros/sdv_nav' with type 'ros.ament_cmake' and name 'sdv_nav'
[0.170s] Level 1:colcon.colcon_core.package_identification:_identify(src/sdv_un_ros/sdv_platform) by extensions ['ignore', 'ignore_ament_install']
[0.171s] Level 1:colcon.colcon_core.package_identification:_identify(src/sdv_un_ros/sdv_platform) by extension 'ignore'
[0.171s] Level 1:colcon.colcon_core.package_identification:_identify(src/sdv_un_ros/sdv_platform) by extension 'ignore_ament_install'
[0.171s] Level 1:colcon.colcon_core.package_identification:_identify(src/sdv_un_ros/sdv_platform) by extensions ['colcon_pkg']
[0.171s] Level 1:colcon.colcon_core.package_identification:_identify(src/sdv_un_ros/sdv_platform) by extension 'colcon_pkg'
[0.171s] Level 1:colcon.colcon_core.package_identification:_identify(src/sdv_un_ros/sdv_platform) by extensions ['colcon_meta']
[0.171s] Level 1:colcon.colcon_core.package_identification:_identify(src/sdv_un_ros/sdv_platform) by extension 'colcon_meta'
[0.171s] Level 1:colcon.colcon_core.package_identification:_identify(src/sdv_un_ros/sdv_platform) by extensions ['ros']
[0.171s] Level 1:colcon.colcon_core.package_identification:_identify(src/sdv_un_ros/sdv_platform) by extension 'ros'
[0.171s] DEBUG:colcon.colcon_core.package_identification:Package 'src/sdv_un_ros/sdv_platform' with type 'ros.catkin' and name 'camera_platform'
[0.171s] Level 1:colcon.colcon_core.package_identification:_identify(src/sdv_un_ros/sdv_process) by extensions ['ignore', 'ignore_ament_install']
[0.171s] Level 1:colcon.colcon_core.package_identification:_identify(src/sdv_un_ros/sdv_process) by extension 'ignore'
[0.171s] Level 1:colcon.colcon_core.package_identification:_identify(src/sdv_un_ros/sdv_process) by extension 'ignore_ament_install'
[0.171s] Level 1:colcon.colcon_core.package_identification:_identify(src/sdv_un_ros/sdv_process) by extensions ['colcon_pkg']
[0.171s] Level 1:colcon.colcon_core.package_identification:_identify(src/sdv_un_ros/sdv_process) by extension 'colcon_pkg'
[0.171s] Level 1:colcon.colcon_core.package_identification:_identify(src/sdv_un_ros/sdv_process) by extensions ['colcon_meta']
[0.171s] Level 1:colcon.colcon_core.package_identification:_identify(src/sdv_un_ros/sdv_process) by extension 'colcon_meta'
[0.171s] Level 1:colcon.colcon_core.package_identification:_identify(src/sdv_un_ros/sdv_process) by extensions ['ros']
[0.171s] Level 1:colcon.colcon_core.package_identification:_identify(src/sdv_un_ros/sdv_process) by extension 'ros'
[0.172s] DEBUG:colcon.colcon_core.package_identification:Package 'src/sdv_un_ros/sdv_process' with type 'ros.ament_cmake' and name 'sdv_process'
[0.172s] Level 1:colcon.colcon_core.package_identification:_identify(src/sdv_un_ros/sdv_serial) by extensions ['ignore', 'ignore_ament_install']
[0.172s] Level 1:colcon.colcon_core.package_identification:_identify(src/sdv_un_ros/sdv_serial) by extension 'ignore'
[0.172s] Level 1:colcon.colcon_core.package_identification:_identify(src/sdv_un_ros/sdv_serial) by extension 'ignore_ament_install'
[0.172s] Level 1:colcon.colcon_core.package_identification:_identify(src/sdv_un_ros/sdv_serial) by extensions ['colcon_pkg']
[0.172s] Level 1:colcon.colcon_core.package_identification:_identify(src/sdv_un_ros/sdv_serial) by extension 'colcon_pkg'
[0.172s] Level 1:colcon.colcon_core.package_identification:_identify(src/sdv_un_ros/sdv_serial) by extensions ['colcon_meta']
[0.172s] Level 1:colcon.colcon_core.package_identification:_identify(src/sdv_un_ros/sdv_serial) by extension 'colcon_meta'
[0.172s] Level 1:colcon.colcon_core.package_identification:_identify(src/sdv_un_ros/sdv_serial) by extensions ['ros']
[0.172s] Level 1:colcon.colcon_core.package_identification:_identify(src/sdv_un_ros/sdv_serial) by extension 'ros'
[0.173s] DEBUG:colcon.colcon_core.package_identification:Package 'src/sdv_un_ros/sdv_serial' with type 'ros.catkin' and name 'sdv_serial'
[0.173s] Level 1:colcon.colcon_core.package_discovery:discover_packages(recursive) using defaults
[0.173s] Level 1:colcon.colcon_core.package_discovery:discover_packages(ignore) discover
[0.173s] Level 1:colcon.colcon_core.package_discovery:discover_packages(ignore) using defaults
[0.173s] Level 1:colcon.colcon_core.package_discovery:discover_packages(path) discover
[0.173s] Level 1:colcon.colcon_core.package_discovery:discover_packages(path) using defaults
[0.189s] INFO:colcon.colcon_core.package_selection:Skipping not selected package 'camera_platform' in 'src/sdv_un_ros/sdv_platform'
[0.189s] INFO:colcon.colcon_core.package_selection:Skipping not selected package 'sdv_joystick' in 'src/sdv_un_ros/sdv_joystick'
[0.189s] INFO:colcon.colcon_core.package_selection:Skipping not selected package 'sdv_msgs' in 'src/sdv_un_ros/sdv_msgs'
[0.189s] INFO:colcon.colcon_core.package_selection:Skipping not selected package 'sdv_nav' in 'src/sdv_un_ros/sdv_nav'
[0.189s] INFO:colcon.colcon_core.package_selection:Skipping not selected package 'sdv_serial' in 'src/sdv_un_ros/sdv_serial'
[0.189s] INFO:colcon.colcon_core.package_selection:Skipping not selected package 'sdv_process' in 'src/sdv_un_ros/sdv_process'
[0.190s] Level 1:colcon.colcon_core.package_discovery:discover_packages(prefix_path) check parameters
[0.190s] Level 1:colcon.colcon_core.package_discovery:discover_packages(prefix_path) discover
[0.190s] WARNING:colcon.colcon_ros.prefix_path.ament:The path '/home/cafsanchezdi/ros2_ws/install/sdv_process' in the environment variable AMENT_PREFIX_PATH doesn't exist
[0.190s] WARNING:colcon.colcon_ros.prefix_path.ament:The path '/home/cafsanchezdi/ros2_ws/install/sdv_nav' in the environment variable AMENT_PREFIX_PATH doesn't exist
[0.190s] WARNING:colcon.colcon_ros.prefix_path.ament:The path '/home/cafsanchezdi/ros2_ws/install/sdv_joystick' in the environment variable AMENT_PREFIX_PATH doesn't exist
[0.191s] WARNING:colcon.colcon_ros.prefix_path.ament:The path '/home/cafsanchezdi/ros2_ws/install/rtabmap_python' in the environment variable AMENT_PREFIX_PATH doesn't exist
[0.191s] WARNING:colcon.colcon_ros.prefix_path.ament:The path '/home/cafsanchezdi/ros2_ws/install/rtabmap_conversions' in the environment variable AMENT_PREFIX_PATH doesn't exist
[0.191s] WARNING:colcon.colcon_ros.prefix_path.ament:The path '/home/cafsanchezdi/ros2_ws/install/rtabmap_msgs' in the environment variable AMENT_PREFIX_PATH doesn't exist
[0.191s] WARNING:colcon.colcon_ros.prefix_path.catkin:The path '/home/cafsanchezdi/ros2_ws/install/sdv_process' in the environment variable CMAKE_PREFIX_PATH doesn't exist
[0.191s] WARNING:colcon.colcon_ros.prefix_path.catkin:The path '/home/cafsanchezdi/ros2_ws/install/sdv_serial' in the environment variable CMAKE_PREFIX_PATH doesn't exist
[0.191s] WARNING:colcon.colcon_ros.prefix_path.catkin:The path '/home/cafsanchezdi/ros2_ws/install/sdv_nav' in the environment variable CMAKE_PREFIX_PATH doesn't exist
[0.191s] WARNING:colcon.colcon_ros.prefix_path.catkin:The path '/home/cafsanchezdi/ros2_ws/install/sdv_joystick' in the environment variable CMAKE_PREFIX_PATH doesn't exist
[0.191s] WARNING:colcon.colcon_ros.prefix_path.catkin:The path '/home/cafsanchezdi/ros2_ws/install/rtabmap_conversions' in the environment variable CMAKE_PREFIX_PATH doesn't exist
[0.191s] WARNING:colcon.colcon_ros.prefix_path.catkin:The path '/home/cafsanchezdi/ros2_ws/install/rtabmap_msgs' in the environment variable CMAKE_PREFIX_PATH doesn't exist
[0.191s] WARNING:colcon.colcon_ros.prefix_path.catkin:The path '/home/cafsanchezdi/ros2_ws/install/camera_platform' in the environment variable CMAKE_PREFIX_PATH doesn't exist
[0.192s] DEBUG:colcon.colcon_installed_package_information.package_discovery:Found 2 installed packages in /home/cafsanchezdi/ros2_ws/install
[0.195s] DEBUG:colcon.colcon_installed_package_information.package_discovery:Found 410 installed packages in /opt/ros/jazzy
[0.198s] Level 1:colcon.colcon_core.package_discovery:discover_packages(prefix_path) using defaults
[0.247s] Level 5:colcon.colcon_core.verb:set package 'sdv_scripts' build argument 'cmake_args' from command line to 'None'
[0.247s] Level 5:colcon.colcon_core.verb:set package 'sdv_scripts' build argument 'cmake_target' from command line to 'None'
[0.247s] Level 5:colcon.colcon_core.verb:set package 'sdv_scripts' build argument 'cmake_target_skip_unavailable' from command line to 'False'
[0.247s] Level 5:colcon.colcon_core.verb:set package 'sdv_scripts' build argument 'cmake_clean_cache' from command line to 'False'
[0.247s] Level 5:colcon.colcon_core.verb:set package 'sdv_scripts' build argument 'cmake_clean_first' from command line to 'False'
[0.247s] Level 5:colcon.colcon_core.verb:set package 'sdv_scripts' build argument 'cmake_force_configure' from command line to 'False'
[0.247s] Level 5:colcon.colcon_core.verb:set package 'sdv_scripts' build argument 'ament_cmake_args' from command line to 'None'
[0.247s] Level 5:colcon.colcon_core.verb:set package 'sdv_scripts' build argument 'catkin_cmake_args' from command line to 'None'
[0.248s] Level 5:colcon.colcon_core.verb:set package 'sdv_scripts' build argument 'catkin_skip_building_tests' from command line to 'False'
[0.248s] DEBUG:colcon.colcon_core.verb:Building package 'sdv_scripts' with the following arguments: {'ament_cmake_args': None, 'build_base': '/home/cafsanchezdi/ros2_ws/build/sdv_scripts', 'catkin_cmake_args': None, 'catkin_skip_building_tests': False, 'cmake_args': None, 'cmake_clean_cache': False, 'cmake_clean_first': False, 'cmake_force_configure': False, 'cmake_target': None, 'cmake_target_skip_unavailable': False, 'install_base': '/home/cafsanchezdi/ros2_ws/install/sdv_scripts', 'merge_install': False, 'path': '/home/cafsanchezdi/ros2_ws/src/sdv_scripts', 'symlink_install': False, 'test_result_base': None}
[0.248s] INFO:colcon.colcon_core.executor:Executing jobs using 'parallel' executor
[0.249s] DEBUG:colcon.colcon_parallel_executor.executor.parallel:run_until_complete
[0.250s] INFO:colcon.colcon_ros.task.catkin.build:Building ROS package in '/home/cafsanchezdi/ros2_ws/src/sdv_scripts' with build type 'catkin'
[0.250s] INFO:colcon.colcon_cmake.task.cmake.build:Building CMake package in '/home/cafsanchezdi/ros2_ws/src/sdv_scripts'
[0.253s] INFO:colcon.colcon_core.plugin_system:Skipping extension 'colcon_core.shell.bat': Not used on non-Windows systems
[0.254s] INFO:colcon.colcon_core.shell:Skip shell extension 'powershell' for command environment: Not usable outside of PowerShell
[0.254s] DEBUG:colcon.colcon_core.shell:Skip shell extension 'dsv' for command environment
[0.272s] DEBUG:colcon.colcon_core.event_handler.log_command:Invoking command in '/home/cafsanchezdi/ros2_ws/build/sdv_scripts': CMAKE_PREFIX_PATH=/home/cafsanchezdi/ros2_ws/install/sdv_msgs:/home/cafsanchezdi/ros2_ws/install/sdv_process:/home/cafsanchezdi/ros2_ws/install/sdv_serial:/home/cafsanchezdi/ros2_ws/install/sdv_scripts:/home/cafsanchezdi/ros2_ws/install/sdv_nav:/home/cafsanchezdi/ros2_ws/install/sdv_joystick:/home/cafsanchezdi/ros2_ws/install/rtabmap_conversions:/home/cafsanchezdi/ros2_ws/install/rtabmap_msgs:/home/cafsanchezdi/ros2_ws/install/camera_platform:/opt/ros/jazzy/opt/gz_sim_vendor:/opt/ros/jazzy/opt/gz_sensors_vendor:/opt/ros/jazzy/opt/gz_physics_vendor:/opt/ros/jazzy/opt/sdformat_vendor:/opt/ros/jazzy/opt/gz_gui_vendor:/opt/ros/jazzy/opt/gz_transport_vendor:/opt/ros/jazzy/opt/gz_rendering_vendor:/opt/ros/jazzy/opt/gz_plugin_vendor:/opt/ros/jazzy/opt/gz_fuel_tools_vendor:/opt/ros/jazzy/opt/gz_msgs_vendor:/opt/ros/jazzy/opt/gz_common_vendor:/opt/ros/jazzy/opt/gz_math_vendor:/opt/ros/jazzy/opt/gz_utils_vendor:/opt/ros/jazzy/opt/gz_tools_vendor:/opt/ros/jazzy/opt/gz_ogre_next_vendor:/opt/ros/jazzy/opt/gz_dartsim_vendor:/opt/ros/jazzy/opt/gz_cmake_vendor DEBUGINFOD_URLS=https://debuginfod.ubuntu.com LD_LIBRARY_PATH=/home/cafsanchezdi/ros2_ws/install/sdv_msgs/lib:/home/cafsanchezdi/ros2_ws/install/sdv_process/lib:/home/cafsanchezdi/ros2_ws/install/sdv_scripts/lib:/home/cafsanchezdi/ros2_ws/install/rtabmap_conversions/lib:/home/cafsanchezdi/ros2_ws/install/rtabmap_msgs/lib:/opt/ros/jazzy/opt/gz_sim_vendor/lib:/opt/ros/jazzy/opt/gz_sensors_vendor/lib:/opt/ros/jazzy/opt/gz_physics_vendor/lib:/opt/ros/jazzy/opt/sdformat_vendor/lib:/opt/ros/jazzy/opt/rviz_ogre_vendor/lib:/opt/ros/jazzy/lib/x86_64-linux-gnu:/opt/ros/jazzy/opt/gz_gui_vendor/lib:/opt/ros/jazzy/opt/gz_transport_vendor/lib:/opt/ros/jazzy/opt/gz_rendering_vendor/lib:/opt/ros/jazzy/opt/gz_plugin_vendor/lib:/opt/ros/jazzy/opt/gz_fuel_tools_vendor/lib:/opt/ros/jazzy/opt/gz_msgs_vendor/lib:/opt/ros/jazzy/opt/gz_common_vendor/lib:/opt/ros/jazzy/opt/gz_math_vendor/lib:/opt/ros/jazzy/opt/gz_utils_vendor/lib:/opt/ros/jazzy/opt/gz_tools_vendor/lib:/opt/ros/jazzy/opt/gz_ogre_next_vendor/lib:/opt/ros/jazzy/opt/gz_dartsim_vendor/lib:/opt/ros/jazzy/opt/gz_cmake_vendor/lib:/opt/ros/jazzy/lib PYTHONPATH=/home/cafsanchezdi/ros2_ws/install/sdv_msgs/lib/python3.12/site-packages:/home/cafsanchezdi/ros2_ws/install/sdv_process/lib/python3.12/site-packages:/home/cafsanchezdi/ros2_ws/install/sdv_scripts/lib/python3.12/site-packages:/home/cafsanchezdi/ros2_ws/install/rtabmap_python/lib/python3.12/site-packages:/home/cafsanchezdi/ros2_ws/install/rtabmap_msgs/lib/python3.12/site-packages:/opt/ros/jazzy/lib/python3.12/site-packages /usr/bin/cmake /home/cafsanchezdi/ros2_ws/src/sdv_scripts -DCATKIN_INSTALL_INTO_PREFIX_ROOT=0 -DCMAKE_INSTALL_PREFIX=/home/cafsanchezdi/ros2_ws/install/sdv_scripts
[4.094s] DEBUG:colcon.colcon_core.event_handler.log_command:Invoked command in '/home/cafsanchezdi/ros2_ws/build/sdv_scripts' returned '0': CMAKE_PREFIX_PATH=/home/cafsanchezdi/ros2_ws/install/sdv_msgs:/home/cafsanchezdi/ros2_ws/install/sdv_process:/home/cafsanchezdi/ros2_ws/install/sdv_serial:/home/cafsanchezdi/ros2_ws/install/sdv_scripts:/home/cafsanchezdi/ros2_ws/install/sdv_nav:/home/cafsanchezdi/ros2_ws/install/sdv_joystick:/home/cafsanchezdi/ros2_ws/install/rtabmap_conversions:/home/cafsanchezdi/ros2_ws/install/rtabmap_msgs:/home/cafsanchezdi/ros2_ws/install/camera_platform:/opt/ros/jazzy/opt/gz_sim_vendor:/opt/ros/jazzy/opt/gz_sensors_vendor:/opt/ros/jazzy/opt/gz_physics_vendor:/opt/ros/jazzy/opt/sdformat_vendor:/opt/ros/jazzy/opt/gz_gui_vendor:/opt/ros/jazzy/opt/gz_transport_vendor:/opt/ros/jazzy/opt/gz_rendering_vendor:/opt/ros/jazzy/opt/gz_plugin_vendor:/opt/ros/jazzy/opt/gz_fuel_tools_vendor:/opt/ros/jazzy/opt/gz_msgs_vendor:/opt/ros/jazzy/opt/gz_common_vendor:/opt/ros/jazzy/opt/gz_math_vendor:/opt/ros/jazzy/opt/gz_utils_vendor:/opt/ros/jazzy/opt/gz_tools_vendor:/opt/ros/jazzy/opt/gz_ogre_next_vendor:/opt/ros/jazzy/opt/gz_dartsim_vendor:/opt/ros/jazzy/opt/gz_cmake_vendor DEBUGINFOD_URLS=https://debuginfod.ubuntu.com LD_LIBRARY_PATH=/home/cafsanchezdi/ros2_ws/install/sdv_msgs/lib:/home/cafsanchezdi/ros2_ws/install/sdv_process/lib:/home/cafsanchezdi/ros2_ws/install/sdv_scripts/lib:/home/cafsanchezdi/ros2_ws/install/rtabmap_conversions/lib:/home/cafsanchezdi/ros2_ws/install/rtabmap_msgs/lib:/opt/ros/jazzy/opt/gz_sim_vendor/lib:/opt/ros/jazzy/opt/gz_sensors_vendor/lib:/opt/ros/jazzy/opt/gz_physics_vendor/lib:/opt/ros/jazzy/opt/sdformat_vendor/lib:/opt/ros/jazzy/opt/rviz_ogre_vendor/lib:/opt/ros/jazzy/lib/x86_64-linux-gnu:/opt/ros/jazzy/opt/gz_gui_vendor/lib:/opt/ros/jazzy/opt/gz_transport_vendor/lib:/opt/ros/jazzy/opt/gz_rendering_vendor/lib:/opt/ros/jazzy/opt/gz_plugin_vendor/lib:/opt/ros/jazzy/opt/gz_fuel_tools_vendor/lib:/opt/ros/jazzy/opt/gz_msgs_vendor/lib:/opt/ros/jazzy/opt/gz_common_vendor/lib:/opt/ros/jazzy/opt/gz_math_vendor/lib:/opt/ros/jazzy/opt/gz_utils_vendor/lib:/opt/ros/jazzy/opt/gz_tools_vendor/lib:/opt/ros/jazzy/opt/gz_ogre_next_vendor/lib:/opt/ros/jazzy/opt/gz_dartsim_vendor/lib:/opt/ros/jazzy/opt/gz_cmake_vendor/lib:/opt/ros/jazzy/lib PYTHONPATH=/home/cafsanchezdi/ros2_ws/install/sdv_msgs/lib/python3.12/site-packages:/home/cafsanchezdi/ros2_ws/install/sdv_process/lib/python3.12/site-packages:/home/cafsanchezdi/ros2_ws/install/sdv_scripts/lib/python3.12/site-packages:/home/cafsanchezdi/ros2_ws/install/rtabmap_python/lib/python3.12/site-packages:/home/cafsanchezdi/ros2_ws/install/rtabmap_msgs/lib/python3.12/site-packages:/opt/ros/jazzy/lib/python3.12/site-packages /usr/bin/cmake /home/cafsanchezdi/ros2_ws/src/sdv_scripts -DCATKIN_INSTALL_INTO_PREFIX_ROOT=0 -DCMAKE_INSTALL_PREFIX=/home/cafsanchezdi/ros2_ws/install/sdv_scripts
[4.095s] DEBUG:colcon.colcon_core.event_handler.log_command:Invoking command in '/home/cafsanchezdi/ros2_ws/build/sdv_scripts': CMAKE_PREFIX_PATH=/home/cafsanchezdi/ros2_ws/install/sdv_msgs:/home/cafsanchezdi/ros2_ws/install/sdv_process:/home/cafsanchezdi/ros2_ws/install/sdv_serial:/home/cafsanchezdi/ros2_ws/install/sdv_scripts:/home/cafsanchezdi/ros2_ws/install/sdv_nav:/home/cafsanchezdi/ros2_ws/install/sdv_joystick:/home/cafsanchezdi/ros2_ws/install/rtabmap_conversions:/home/cafsanchezdi/ros2_ws/install/rtabmap_msgs:/home/cafsanchezdi/ros2_ws/install/camera_platform:/opt/ros/jazzy/opt/gz_sim_vendor:/opt/ros/jazzy/opt/gz_sensors_vendor:/opt/ros/jazzy/opt/gz_physics_vendor:/opt/ros/jazzy/opt/sdformat_vendor:/opt/ros/jazzy/opt/gz_gui_vendor:/opt/ros/jazzy/opt/gz_transport_vendor:/opt/ros/jazzy/opt/gz_rendering_vendor:/opt/ros/jazzy/opt/gz_plugin_vendor:/opt/ros/jazzy/opt/gz_fuel_tools_vendor:/opt/ros/jazzy/opt/gz_msgs_vendor:/opt/ros/jazzy/opt/gz_common_vendor:/opt/ros/jazzy/opt/gz_math_vendor:/opt/ros/jazzy/opt/gz_utils_vendor:/opt/ros/jazzy/opt/gz_tools_vendor:/opt/ros/jazzy/opt/gz_ogre_next_vendor:/opt/ros/jazzy/opt/gz_dartsim_vendor:/opt/ros/jazzy/opt/gz_cmake_vendor DEBUGINFOD_URLS=https://debuginfod.ubuntu.com LD_LIBRARY_PATH=/home/cafsanchezdi/ros2_ws/install/sdv_msgs/lib:/home/cafsanchezdi/ros2_ws/install/sdv_process/lib:/home/cafsanchezdi/ros2_ws/install/sdv_scripts/lib:/home/cafsanchezdi/ros2_ws/install/rtabmap_conversions/lib:/home/cafsanchezdi/ros2_ws/install/rtabmap_msgs/lib:/opt/ros/jazzy/opt/gz_sim_vendor/lib:/opt/ros/jazzy/opt/gz_sensors_vendor/lib:/opt/ros/jazzy/opt/gz_physics_vendor/lib:/opt/ros/jazzy/opt/sdformat_vendor/lib:/opt/ros/jazzy/opt/rviz_ogre_vendor/lib:/opt/ros/jazzy/lib/x86_64-linux-gnu:/opt/ros/jazzy/opt/gz_gui_vendor/lib:/opt/ros/jazzy/opt/gz_transport_vendor/lib:/opt/ros/jazzy/opt/gz_rendering_vendor/lib:/opt/ros/jazzy/opt/gz_plugin_vendor/lib:/opt/ros/jazzy/opt/gz_fuel_tools_vendor/lib:/opt/ros/jazzy/opt/gz_msgs_vendor/lib:/opt/ros/jazzy/opt/gz_common_vendor/lib:/opt/ros/jazzy/opt/gz_math_vendor/lib:/opt/ros/jazzy/opt/gz_utils_vendor/lib:/opt/ros/jazzy/opt/gz_tools_vendor/lib:/opt/ros/jazzy/opt/gz_ogre_next_vendor/lib:/opt/ros/jazzy/opt/gz_dartsim_vendor/lib:/opt/ros/jazzy/opt/gz_cmake_vendor/lib:/opt/ros/jazzy/lib PYTHONPATH=/home/cafsanchezdi/ros2_ws/install/sdv_msgs/lib/python3.12/site-packages:/home/cafsanchezdi/ros2_ws/install/sdv_process/lib/python3.12/site-packages:/home/cafsanchezdi/ros2_ws/install/sdv_scripts/lib/python3.12/site-packages:/home/cafsanchezdi/ros2_ws/install/rtabmap_python/lib/python3.12/site-packages:/home/cafsanchezdi/ros2_ws/install/rtabmap_msgs/lib/python3.12/site-packages:/opt/ros/jazzy/lib/python3.12/site-packages /usr/bin/cmake --build /home/cafsanchezdi/ros2_ws/build/sdv_scripts -- -j4 -l4
[6.895s] DEBUG:colcon.colcon_core.event_handler.log_command:Invoked command in '/home/cafsanchezdi/ros2_ws/build/sdv_scripts' returned '0': CMAKE_PREFIX_PATH=/home/cafsanchezdi/ros2_ws/install/sdv_msgs:/home/cafsanchezdi/ros2_ws/install/sdv_process:/home/cafsanchezdi/ros2_ws/install/sdv_serial:/home/cafsanchezdi/ros2_ws/install/sdv_scripts:/home/cafsanchezdi/ros2_ws/install/sdv_nav:/home/cafsanchezdi/ros2_ws/install/sdv_joystick:/home/cafsanchezdi/ros2_ws/install/rtabmap_conversions:/home/cafsanchezdi/ros2_ws/install/rtabmap_msgs:/home/cafsanchezdi/ros2_ws/install/camera_platform:/opt/ros/jazzy/opt/gz_sim_vendor:/opt/ros/jazzy/opt/gz_sensors_vendor:/opt/ros/jazzy/opt/gz_physics_vendor:/opt/ros/jazzy/opt/sdformat_vendor:/opt/ros/jazzy/opt/gz_gui_vendor:/opt/ros/jazzy/opt/gz_transport_vendor:/opt/ros/jazzy/opt/gz_rendering_vendor:/opt/ros/jazzy/opt/gz_plugin_vendor:/opt/ros/jazzy/opt/gz_fuel_tools_vendor:/opt/ros/jazzy/opt/gz_msgs_vendor:/opt/ros/jazzy/opt/gz_common_vendor:/opt/ros/jazzy/opt/gz_math_vendor:/opt/ros/jazzy/opt/gz_utils_vendor:/opt/ros/jazzy/opt/gz_tools_vendor:/opt/ros/jazzy/opt/gz_ogre_next_vendor:/opt/ros/jazzy/opt/gz_dartsim_vendor:/opt/ros/jazzy/opt/gz_cmake_vendor DEBUGINFOD_URLS=https://debuginfod.ubuntu.com LD_LIBRARY_PATH=/home/cafsanchezdi/ros2_ws/install/sdv_msgs/lib:/home/cafsanchezdi/ros2_ws/install/sdv_process/lib:/home/cafsanchezdi/ros2_ws/install/sdv_scripts/lib:/home/cafsanchezdi/ros2_ws/install/rtabmap_conversions/lib:/home/cafsanchezdi/ros2_ws/install/rtabmap_msgs/lib:/opt/ros/jazzy/opt/gz_sim_vendor/lib:/opt/ros/jazzy/opt/gz_sensors_vendor/lib:/opt/ros/jazzy/opt/gz_physics_vendor/lib:/opt/ros/jazzy/opt/sdformat_vendor/lib:/opt/ros/jazzy/opt/rviz_ogre_vendor/lib:/opt/ros/jazzy/lib/x86_64-linux-gnu:/opt/ros/jazzy/opt/gz_gui_vendor/lib:/opt/ros/jazzy/opt/gz_transport_vendor/lib:/opt/ros/jazzy/opt/gz_rendering_vendor/lib:/opt/ros/jazzy/opt/gz_plugin_vendor/lib:/opt/ros/jazzy/opt/gz_fuel_tools_vendor/lib:/opt/ros/jazzy/opt/gz_msgs_vendor/lib:/opt/ros/jazzy/opt/gz_common_vendor/lib:/opt/ros/jazzy/opt/gz_math_vendor/lib:/opt/ros/jazzy/opt/gz_utils_vendor/lib:/opt/ros/jazzy/opt/gz_tools_vendor/lib:/opt/ros/jazzy/opt/gz_ogre_next_vendor/lib:/opt/ros/jazzy/opt/gz_dartsim_vendor/lib:/opt/ros/jazzy/opt/gz_cmake_vendor/lib:/opt/ros/jazzy/lib PYTHONPATH=/home/cafsanchezdi/ros2_ws/install/sdv_msgs/lib/python3.12/site-packages:/home/cafsanchezdi/ros2_ws/install/sdv_process/lib/python3.12/site-packages:/home/cafsanchezdi/ros2_ws/install/sdv_scripts/lib/python3.12/site-packages:/home/cafsanchezdi/ros2_ws/install/rtabmap_python/lib/python3.12/site-packages:/home/cafsanchezdi/ros2_ws/install/rtabmap_msgs/lib/python3.12/site-packages:/opt/ros/jazzy/lib/python3.12/site-packages /usr/bin/cmake --build /home/cafsanchezdi/ros2_ws/build/sdv_scripts -- -j4 -l4
[6.910s] DEBUG:colcon.colcon_core.event_handler.log_command:Invoking command in '/home/cafsanchezdi/ros2_ws/build/sdv_scripts': CMAKE_PREFIX_PATH=/home/cafsanchezdi/ros2_ws/install/sdv_msgs:/home/cafsanchezdi/ros2_ws/install/sdv_process:/home/cafsanchezdi/ros2_ws/install/sdv_serial:/home/cafsanchezdi/ros2_ws/install/sdv_scripts:/home/cafsanchezdi/ros2_ws/install/sdv_nav:/home/cafsanchezdi/ros2_ws/install/sdv_joystick:/home/cafsanchezdi/ros2_ws/install/rtabmap_conversions:/home/cafsanchezdi/ros2_ws/install/rtabmap_msgs:/home/cafsanchezdi/ros2_ws/install/camera_platform:/opt/ros/jazzy/opt/gz_sim_vendor:/opt/ros/jazzy/opt/gz_sensors_vendor:/opt/ros/jazzy/opt/gz_physics_vendor:/opt/ros/jazzy/opt/sdformat_vendor:/opt/ros/jazzy/opt/gz_gui_vendor:/opt/ros/jazzy/opt/gz_transport_vendor:/opt/ros/jazzy/opt/gz_rendering_vendor:/opt/ros/jazzy/opt/gz_plugin_vendor:/opt/ros/jazzy/opt/gz_fuel_tools_vendor:/opt/ros/jazzy/opt/gz_msgs_vendor:/opt/ros/jazzy/opt/gz_common_vendor:/opt/ros/jazzy/opt/gz_math_vendor:/opt/ros/jazzy/opt/gz_utils_vendor:/opt/ros/jazzy/opt/gz_tools_vendor:/opt/ros/jazzy/opt/gz_ogre_next_vendor:/opt/ros/jazzy/opt/gz_dartsim_vendor:/opt/ros/jazzy/opt/gz_cmake_vendor DEBUGINFOD_URLS=https://debuginfod.ubuntu.com LD_LIBRARY_PATH=/home/cafsanchezdi/ros2_ws/install/sdv_msgs/lib:/home/cafsanchezdi/ros2_ws/install/sdv_process/lib:/home/cafsanchezdi/ros2_ws/install/sdv_scripts/lib:/home/cafsanchezdi/ros2_ws/install/rtabmap_conversions/lib:/home/cafsanchezdi/ros2_ws/install/rtabmap_msgs/lib:/opt/ros/jazzy/opt/gz_sim_vendor/lib:/opt/ros/jazzy/opt/gz_sensors_vendor/lib:/opt/ros/jazzy/opt/gz_physics_vendor/lib:/opt/ros/jazzy/opt/sdformat_vendor/lib:/opt/ros/jazzy/opt/rviz_ogre_vendor/lib:/opt/ros/jazzy/lib/x86_64-linux-gnu:/opt/ros/jazzy/opt/gz_gui_vendor/lib:/opt/ros/jazzy/opt/gz_transport_vendor/lib:/opt/ros/jazzy/opt/gz_rendering_vendor/lib:/opt/ros/jazzy/opt/gz_plugin_vendor/lib:/opt/ros/jazzy/opt/gz_fuel_tools_vendor/lib:/opt/ros/jazzy/opt/gz_msgs_vendor/lib:/opt/ros/jazzy/opt/gz_common_vendor/lib:/opt/ros/jazzy/opt/gz_math_vendor/lib:/opt/ros/jazzy/opt/gz_utils_vendor/lib:/opt/ros/jazzy/opt/gz_tools_vendor/lib:/opt/ros/jazzy/opt/gz_ogre_next_vendor/lib:/opt/ros/jazzy/opt/gz_dartsim_vendor/lib:/opt/ros/jazzy/opt/gz_cmake_vendor/lib:/opt/ros/jazzy/lib PYTHONPATH=/home/cafsanchezdi/ros2_ws/install/sdv_msgs/lib/python3.12/site-packages:/home/cafsanchezdi/ros2_ws/install/sdv_process/lib/python3.12/site-packages:/home/cafsanchezdi/ros2_ws/install/sdv_scripts/lib/python3.12/site-packages:/home/cafsanchezdi/ros2_ws/install/rtabmap_python/lib/python3.12/site-packages:/home/cafsanchezdi/ros2_ws/install/rtabmap_msgs/lib/python3.12/site-packages:/opt/ros/jazzy/lib/python3.12/site-packages /usr/bin/cmake --install /home/cafsanchezdi/ros2_ws/build/sdv_scripts
[6.998s] DEBUG:colcon.colcon_core.event_handler.log_command:Invoked command in '/home/cafsanchezdi/ros2_ws/build/sdv_scripts' returned '0': CMAKE_PREFIX_PATH=/home/cafsanchezdi/ros2_ws/install/sdv_msgs:/home/cafsanchezdi/ros2_ws/install/sdv_process:/home/cafsanchezdi/ros2_ws/install/sdv_serial:/home/cafsanchezdi/ros2_ws/install/sdv_scripts:/home/cafsanchezdi/ros2_ws/install/sdv_nav:/home/cafsanchezdi/ros2_ws/install/sdv_joystick:/home/cafsanchezdi/ros2_ws/install/rtabmap_conversions:/home/cafsanchezdi/ros2_ws/install/rtabmap_msgs:/home/cafsanchezdi/ros2_ws/install/camera_platform:/opt/ros/jazzy/opt/gz_sim_vendor:/opt/ros/jazzy/opt/gz_sensors_vendor:/opt/ros/jazzy/opt/gz_physics_vendor:/opt/ros/jazzy/opt/sdformat_vendor:/opt/ros/jazzy/opt/gz_gui_vendor:/opt/ros/jazzy/opt/gz_transport_vendor:/opt/ros/jazzy/opt/gz_rendering_vendor:/opt/ros/jazzy/opt/gz_plugin_vendor:/opt/ros/jazzy/opt/gz_fuel_tools_vendor:/opt/ros/jazzy/opt/gz_msgs_vendor:/opt/ros/jazzy/opt/gz_common_vendor:/opt/ros/jazzy/opt/gz_math_vendor:/opt/ros/jazzy/opt/gz_utils_vendor:/opt/ros/jazzy/opt/gz_tools_vendor:/opt/ros/jazzy/opt/gz_ogre_next_vendor:/opt/ros/jazzy/opt/gz_dartsim_vendor:/opt/ros/jazzy/opt/gz_cmake_vendor DEBUGINFOD_URLS=https://debuginfod.ubuntu.com LD_LIBRARY_PATH=/home/cafsanchezdi/ros2_ws/install/sdv_msgs/lib:/home/cafsanchezdi/ros2_ws/install/sdv_process/lib:/home/cafsanchezdi/ros2_ws/install/sdv_scripts/lib:/home/cafsanchezdi/ros2_ws/install/rtabmap_conversions/lib:/home/cafsanchezdi/ros2_ws/install/rtabmap_msgs/lib:/opt/ros/jazzy/opt/gz_sim_vendor/lib:/opt/ros/jazzy/opt/gz_sensors_vendor/lib:/opt/ros/jazzy/opt/gz_physics_vendor/lib:/opt/ros/jazzy/opt/sdformat_vendor/lib:/opt/ros/jazzy/opt/rviz_ogre_vendor/lib:/opt/ros/jazzy/lib/x86_64-linux-gnu:/opt/ros/jazzy/opt/gz_gui_vendor/lib:/opt/ros/jazzy/opt/gz_transport_vendor/lib:/opt/ros/jazzy/opt/gz_rendering_vendor/lib:/opt/ros/jazzy/opt/gz_plugin_vendor/lib:/opt/ros/jazzy/opt/gz_fuel_tools_vendor/lib:/opt/ros/jazzy/opt/gz_msgs_vendor/lib:/opt/ros/jazzy/opt/gz_common_vendor/lib:/opt/ros/jazzy/opt/gz_math_vendor/lib:/opt/ros/jazzy/opt/gz_utils_vendor/lib:/opt/ros/jazzy/opt/gz_tools_vendor/lib:/opt/ros/jazzy/opt/gz_ogre_next_vendor/lib:/opt/ros/jazzy/opt/gz_dartsim_vendor/lib:/opt/ros/jazzy/opt/gz_cmake_vendor/lib:/opt/ros/jazzy/lib PYTHONPATH=/home/cafsanchezdi/ros2_ws/install/sdv_msgs/lib/python3.12/site-packages:/home/cafsanchezdi/ros2_ws/install/sdv_process/lib/python3.12/site-packages:/home/cafsanchezdi/ros2_ws/install/sdv_scripts/lib/python3.12/site-packages:/home/cafsanchezdi/ros2_ws/install/rtabmap_python/lib/python3.12/site-packages:/home/cafsanchezdi/ros2_ws/install/rtabmap_msgs/lib/python3.12/site-packages:/opt/ros/jazzy/lib/python3.12/site-packages /usr/bin/cmake --install /home/cafsanchezdi/ros2_ws/build/sdv_scripts
[6.998s] Level 1:colcon.colcon_core.shell:create_environment_hook('sdv_scripts', 'ros_package_path')
[6.998s] INFO:colcon.colcon_core.shell:Creating environment hook '/home/cafsanchezdi/ros2_ws/install/sdv_scripts/share/sdv_scripts/hook/ros_package_path.ps1'
[6.999s] INFO:colcon.colcon_core.shell:Creating environment descriptor '/home/cafsanchezdi/ros2_ws/install/sdv_scripts/share/sdv_scripts/hook/ros_package_path.dsv'
[6.999s] INFO:colcon.colcon_core.shell:Creating environment hook '/home/cafsanchezdi/ros2_ws/install/sdv_scripts/share/sdv_scripts/hook/ros_package_path.sh'
[7.000s] Level 1:colcon.colcon_ros.task.catkin:checking '/home/cafsanchezdi/ros2_ws/install/sdv_scripts/lib/python3.12/site-packages'
[7.000s] Level 1:colcon.colcon_core.shell:create_environment_hook('sdv_scripts', 'catkin_pythonpath')
[7.000s] INFO:colcon.colcon_core.shell:Creating environment hook '/home/cafsanchezdi/ros2_ws/install/sdv_scripts/share/sdv_scripts/hook/catkin_pythonpath.ps1'
[7.000s] INFO:colcon.colcon_core.shell:Creating environment descriptor '/home/cafsanchezdi/ros2_ws/install/sdv_scripts/share/sdv_scripts/hook/catkin_pythonpath.dsv'
[7.000s] INFO:colcon.colcon_core.shell:Creating environment hook '/home/cafsanchezdi/ros2_ws/install/sdv_scripts/share/sdv_scripts/hook/catkin_pythonpath.sh'
[7.001s] Level 1:colcon.colcon_core.shell:create_environment_hook('sdv_scripts', 'pkg_config_path')
[7.001s] INFO:colcon.colcon_core.shell:Creating environment hook '/home/cafsanchezdi/ros2_ws/install/sdv_scripts/share/sdv_scripts/hook/pkg_config_path.ps1'
[7.001s] INFO:colcon.colcon_core.shell:Creating environment descriptor '/home/cafsanchezdi/ros2_ws/install/sdv_scripts/share/sdv_scripts/hook/pkg_config_path.dsv'
[7.001s] INFO:colcon.colcon_core.shell:Creating environment hook '/home/cafsanchezdi/ros2_ws/install/sdv_scripts/share/sdv_scripts/hook/pkg_config_path.sh'
[7.004s] Level 1:colcon.colcon_core.shell:create_environment_hook('sdv_scripts', 'pkg_config_path_multiarch')
[7.005s] INFO:colcon.colcon_core.shell:Creating environment hook '/home/cafsanchezdi/ros2_ws/install/sdv_scripts/share/sdv_scripts/hook/pkg_config_path_multiarch.ps1'
[7.005s] INFO:colcon.colcon_core.shell:Creating environment descriptor '/home/cafsanchezdi/ros2_ws/install/sdv_scripts/share/sdv_scripts/hook/pkg_config_path_multiarch.dsv'
[7.005s] INFO:colcon.colcon_core.shell:Creating environment hook '/home/cafsanchezdi/ros2_ws/install/sdv_scripts/share/sdv_scripts/hook/pkg_config_path_multiarch.sh'
[7.006s] Level 1:colcon.colcon_core.environment:create_environment_scripts_only(sdv_scripts)
[7.008s] Level 1:colcon.colcon_core.environment:checking '/home/cafsanchezdi/ros2_ws/install/sdv_scripts' for CMake module files
[7.008s] Level 1:colcon.colcon_core.environment:checking '/home/cafsanchezdi/ros2_ws/install/sdv_scripts' for CMake config files
[7.009s] Level 1:colcon.colcon_core.shell:create_environment_hook('sdv_scripts', 'cmake_prefix_path')
[7.009s] INFO:colcon.colcon_core.shell:Creating environment hook '/home/cafsanchezdi/ros2_ws/install/sdv_scripts/share/sdv_scripts/hook/cmake_prefix_path.ps1'
[7.009s] INFO:colcon.colcon_core.shell:Creating environment descriptor '/home/cafsanchezdi/ros2_ws/install/sdv_scripts/share/sdv_scripts/hook/cmake_prefix_path.dsv'
[7.010s] INFO:colcon.colcon_core.shell:Creating environment hook '/home/cafsanchezdi/ros2_ws/install/sdv_scripts/share/sdv_scripts/hook/cmake_prefix_path.sh'
[7.010s] Level 1:colcon.colcon_core.environment:checking '/home/cafsanchezdi/ros2_ws/install/sdv_scripts/lib'
[7.010s] Level 1:colcon.colcon_core.shell:create_environment_hook('sdv_scripts', 'ld_library_path_lib')
[7.010s] INFO:colcon.colcon_core.shell:Creating environment hook '/home/cafsanchezdi/ros2_ws/install/sdv_scripts/share/sdv_scripts/hook/ld_library_path_lib.ps1'
[7.011s] INFO:colcon.colcon_core.shell:Creating environment descriptor '/home/cafsanchezdi/ros2_ws/install/sdv_scripts/share/sdv_scripts/hook/ld_library_path_lib.dsv'
[7.011s] INFO:colcon.colcon_core.shell:Creating environment hook '/home/cafsanchezdi/ros2_ws/install/sdv_scripts/share/sdv_scripts/hook/ld_library_path_lib.sh'
[7.011s] Level 1:colcon.colcon_core.environment:checking '/home/cafsanchezdi/ros2_ws/install/sdv_scripts/bin'
[7.011s] Level 1:colcon.colcon_core.environment:checking '/home/cafsanchezdi/ros2_ws/install/sdv_scripts/lib/pkgconfig/sdv_scripts.pc'
[7.012s] Level 1:colcon.colcon_core.environment:checking '/home/cafsanchezdi/ros2_ws/install/sdv_scripts/lib/python3.12/site-packages'
[7.012s] Level 1:colcon.colcon_core.shell:create_environment_hook('sdv_scripts', 'pythonpath')
[7.012s] INFO:colcon.colcon_core.shell:Creating environment hook '/home/cafsanchezdi/ros2_ws/install/sdv_scripts/share/sdv_scripts/hook/pythonpath.ps1'
[7.012s] INFO:colcon.colcon_core.shell:Creating environment descriptor '/home/cafsanchezdi/ros2_ws/install/sdv_scripts/share/sdv_scripts/hook/pythonpath.dsv'
[7.012s] INFO:colcon.colcon_core.shell:Creating environment hook '/home/cafsanchezdi/ros2_ws/install/sdv_scripts/share/sdv_scripts/hook/pythonpath.sh'
[7.013s] Level 1:colcon.colcon_core.environment:checking '/home/cafsanchezdi/ros2_ws/install/sdv_scripts/bin'
[7.013s] INFO:colcon.colcon_core.shell:Creating package script '/home/cafsanchezdi/ros2_ws/install/sdv_scripts/share/sdv_scripts/package.ps1'
[7.014s] INFO:colcon.colcon_core.shell:Creating package descriptor '/home/cafsanchezdi/ros2_ws/install/sdv_scripts/share/sdv_scripts/package.dsv'
[7.015s] INFO:colcon.colcon_core.shell:Creating package script '/home/cafsanchezdi/ros2_ws/install/sdv_scripts/share/sdv_scripts/package.sh'
[7.016s] INFO:colcon.colcon_core.shell:Creating package script '/home/cafsanchezdi/ros2_ws/install/sdv_scripts/share/sdv_scripts/package.bash'
[7.017s] INFO:colcon.colcon_core.shell:Creating package script '/home/cafsanchezdi/ros2_ws/install/sdv_scripts/share/sdv_scripts/package.zsh'
[7.017s] Level 1:colcon.colcon_core.environment:create_file_with_runtime_dependencies(/home/cafsanchezdi/ros2_ws/install/sdv_scripts/share/colcon-core/packages/sdv_scripts)
[7.018s] DEBUG:colcon.colcon_parallel_executor.executor.parallel:closing loop
[7.019s] DEBUG:colcon.colcon_parallel_executor.executor.parallel:loop closed
[7.019s] DEBUG:colcon.colcon_parallel_executor.executor.parallel:run_until_complete finished with '0'
[7.019s] DEBUG:colcon.colcon_core.event_reactor:joining thread
[7.027s] INFO:colcon.colcon_core.plugin_system:Skipping extension 'colcon_notification.desktop_notification.terminal_notifier': Not used on non-Darwin systems
[7.027s] INFO:colcon.colcon_core.plugin_system:Skipping extension 'colcon_notification.desktop_notification.win32': Not used on non-Windows systems
[7.027s] INFO:colcon.colcon_notification.desktop_notification:Sending desktop notification using 'notify2'
[7.046s] DEBUG:colcon.colcon_core.event_reactor:joined thread
[7.047s] INFO:colcon.colcon_core.shell:Creating prefix script '/home/cafsanchezdi/ros2_ws/install/local_setup.ps1'
[7.048s] INFO:colcon.colcon_core.shell:Creating prefix util module '/home/cafsanchezdi/ros2_ws/install/_local_setup_util_ps1.py'
[7.049s] INFO:colcon.colcon_core.shell:Creating prefix chain script '/home/cafsanchezdi/ros2_ws/install/setup.ps1'
[7.050s] INFO:colcon.colcon_core.shell:Creating prefix script '/home/cafsanchezdi/ros2_ws/install/local_setup.sh'
[7.051s] INFO:colcon.colcon_core.shell:Creating prefix util module '/home/cafsanchezdi/ros2_ws/install/_local_setup_util_sh.py'
[7.052s] INFO:colcon.colcon_core.shell:Creating prefix chain script '/home/cafsanchezdi/ros2_ws/install/setup.sh'
[7.054s] INFO:colcon.colcon_core.shell:Creating prefix script '/home/cafsanchezdi/ros2_ws/install/local_setup.bash'
[7.055s] INFO:colcon.colcon_core.shell:Creating prefix chain script '/home/cafsanchezdi/ros2_ws/install/setup.bash'
[7.056s] INFO:colcon.colcon_core.shell:Creating prefix script '/home/cafsanchezdi/ros2_ws/install/local_setup.zsh'
[7.058s] INFO:colcon.colcon_core.shell:Creating prefix chain script '/home/cafsanchezdi/ros2_ws/install/setup.zsh'
