[0.097s] DEBUG:colcon:Command line arguments: ['/usr/bin/colcon', 'build', '--packages-select', 'sdv_msgs']
[0.097s] DEBUG:colcon:Parsed command line arguments: Namespace(log_base=None, log_level=None, verb_name='build', build_base='build', install_base='install', merge_install=False, symlink_install=False, test_result_base=None, continue_on_error=False, executor='parallel', parallel_workers=4, event_handlers=None, ignore_user_meta=False, metas=['./colcon.meta'], base_paths=['.'], packages_ignore=None, packages_ignore_regex=None, paths=None, packages_up_to=None, packages_up_to_regex=None, packages_above=None, packages_above_and_dependencies=None, packages_above_depth=None, packages_select_by_dep=None, packages_skip_by_dep=None, packages_skip_up_to=None, packages_select_build_failed=False, packages_skip_build_finished=False, packages_select_test_failures=False, packages_skip_test_passed=False, packages_select=['sdv_msgs'], packages_skip=None, packages_select_regex=None, packages_skip_regex=None, packages_start=None, packages_end=None, allow_overriding=[], cmake_args=None, cmake_target=None, cmake_target_skip_unavailable=False, cmake_clean_cache=False, cmake_clean_first=False, cmake_force_configure=False, ament_cmake_args=None, catkin_cmake_args=None, catkin_skip_building_tests=False, mixin_files=None, mixin=None, verb_parser=<colcon_mixin.mixin.mixin_argument.MixinArgumentDecorator object at 0x7c6f70ea0b30>, verb_extension=<colcon_core.verb.build.BuildVerb object at 0x7c6f70ea03e0>, main=<bound method BuildVerb.main of <colcon_core.verb.build.BuildVerb object at 0x7c6f70ea03e0>>, mixin_verb=('build',))
[0.133s] Level 1:colcon.colcon_core.package_discovery:discover_packages(colcon_meta) check parameters
[0.133s] Level 1:colcon.colcon_core.package_discovery:discover_packages(recursive) check parameters
[0.133s] Level 1:colcon.colcon_core.package_discovery:discover_packages(ignore) check parameters
[0.133s] Level 1:colcon.colcon_core.package_discovery:discover_packages(path) check parameters
[0.133s] Level 1:colcon.colcon_core.package_discovery:discover_packages(colcon_meta) discover
[0.133s] Level 1:colcon.colcon_core.package_discovery:discover_packages(recursive) discover
[0.133s] INFO:colcon.colcon_core.package_discovery:Crawling recursively for packages in '/home/cafsanchezdi/ros2_ws'
[0.133s] Level 1:colcon.colcon_core.package_identification:_identify(.) by extensions ['ignore', 'ignore_ament_install']
[0.133s] Level 1:colcon.colcon_core.package_identification:_identify(.) by extension 'ignore'
[0.133s] Level 1:colcon.colcon_core.package_identification:_identify(.) by extension 'ignore_ament_install'
[0.133s] Level 1:colcon.colcon_core.package_identification:_identify(.) by extensions ['colcon_pkg']
[0.133s] Level 1:colcon.colcon_core.package_identification:_identify(.) by extension 'colcon_pkg'
[0.133s] Level 1:colcon.colcon_core.package_identification:_identify(.) by extensions ['colcon_meta']
[0.133s] Level 1:colcon.colcon_core.package_identification:_identify(.) by extension 'colcon_meta'
[0.133s] Level 1:colcon.colcon_core.package_identification:_identify(.) by extensions ['ros']
[0.133s] Level 1:colcon.colcon_core.package_identification:_identify(.) by extension 'ros'
[0.157s] Level 1:colcon.colcon_core.package_identification:_identify(.) by extensions ['cmake', 'python']
[0.157s] Level 1:colcon.colcon_core.package_identification:_identify(.) by extension 'cmake'
[0.157s] Level 1:colcon.colcon_core.package_identification:_identify(.) by extension 'python'
[0.157s] Level 1:colcon.colcon_core.package_identification:_identify(.) by extensions ['python_setup_py']
[0.157s] Level 1:colcon.colcon_core.package_identification:_identify(.) by extension 'python_setup_py'
[0.157s] Level 1:colcon.colcon_core.package_identification:_identify(build) by extensions ['ignore', 'ignore_ament_install']
[0.157s] Level 1:colcon.colcon_core.package_identification:_identify(build) by extension 'ignore'
[0.157s] Level 1:colcon.colcon_core.package_identification:_identify(build) ignored
[0.157s] Level 1:colcon.colcon_core.package_identification:_identify(install) by extensions ['ignore', 'ignore_ament_install']
[0.158s] Level 1:colcon.colcon_core.package_identification:_identify(install) by extension 'ignore'
[0.158s] Level 1:colcon.colcon_core.package_identification:_identify(install) ignored
[0.158s] Level 1:colcon.colcon_core.package_identification:_identify(log) by extensions ['ignore', 'ignore_ament_install']
[0.158s] Level 1:colcon.colcon_core.package_identification:_identify(log) by extension 'ignore'
[0.158s] Level 1:colcon.colcon_core.package_identification:_identify(log) ignored
[0.158s] Level 1:colcon.colcon_core.package_identification:_identify(src) by extensions ['ignore', 'ignore_ament_install']
[0.158s] Level 1:colcon.colcon_core.package_identification:_identify(src) by extension 'ignore'
[0.158s] Level 1:colcon.colcon_core.package_identification:_identify(src) by extension 'ignore_ament_install'
[0.158s] Level 1:colcon.colcon_core.package_identification:_identify(src) by extensions ['colcon_pkg']
[0.158s] Level 1:colcon.colcon_core.package_identification:_identify(src) by extension 'colcon_pkg'
[0.158s] Level 1:colcon.colcon_core.package_identification:_identify(src) by extensions ['colcon_meta']
[0.158s] Level 1:colcon.colcon_core.package_identification:_identify(src) by extension 'colcon_meta'
[0.158s] Level 1:colcon.colcon_core.package_identification:_identify(src) by extensions ['ros']
[0.158s] Level 1:colcon.colcon_core.package_identification:_identify(src) by extension 'ros'
[0.158s] Level 1:colcon.colcon_core.package_identification:_identify(src) by extensions ['cmake', 'python']
[0.158s] Level 1:colcon.colcon_core.package_identification:_identify(src) by extension 'cmake'
[0.158s] Level 1:colcon.colcon_core.package_identification:_identify(src) by extension 'python'
[0.158s] Level 1:colcon.colcon_core.package_identification:_identify(src) by extensions ['python_setup_py']
[0.158s] Level 1:colcon.colcon_core.package_identification:_identify(src) by extension 'python_setup_py'
[0.158s] Level 1:colcon.colcon_core.package_identification:_identify(src/sdv_scripts) by extensions ['ignore', 'ignore_ament_install']
[0.158s] Level 1:colcon.colcon_core.package_identification:_identify(src/sdv_scripts) by extension 'ignore'
[0.158s] Level 1:colcon.colcon_core.package_identification:_identify(src/sdv_scripts) by extension 'ignore_ament_install'
[0.158s] Level 1:colcon.colcon_core.package_identification:_identify(src/sdv_scripts) by extensions ['colcon_pkg']
[0.158s] Level 1:colcon.colcon_core.package_identification:_identify(src/sdv_scripts) by extension 'colcon_pkg'
[0.158s] Level 1:colcon.colcon_core.package_identification:_identify(src/sdv_scripts) by extensions ['colcon_meta']
[0.158s] Level 1:colcon.colcon_core.package_identification:_identify(src/sdv_scripts) by extension 'colcon_meta'
[0.158s] Level 1:colcon.colcon_core.package_identification:_identify(src/sdv_scripts) by extensions ['ros']
[0.158s] Level 1:colcon.colcon_core.package_identification:_identify(src/sdv_scripts) by extension 'ros'
[0.161s] DEBUG:colcon.colcon_core.package_identification:Package 'src/sdv_scripts' with type 'ros.catkin' and name 'sdv_scripts'
[0.161s] Level 1:colcon.colcon_core.package_identification:_identify(src/sdv_un_ros) by extensions ['ignore', 'ignore_ament_install']
[0.161s] Level 1:colcon.colcon_core.package_identification:_identify(src/sdv_un_ros) by extension 'ignore'
[0.161s] Level 1:colcon.colcon_core.package_identification:_identify(src/sdv_un_ros) by extension 'ignore_ament_install'
[0.161s] Level 1:colcon.colcon_core.package_identification:_identify(src/sdv_un_ros) by extensions ['colcon_pkg']
[0.161s] Level 1:colcon.colcon_core.package_identification:_identify(src/sdv_un_ros) by extension 'colcon_pkg'
[0.161s] Level 1:colcon.colcon_core.package_identification:_identify(src/sdv_un_ros) by extensions ['colcon_meta']
[0.161s] Level 1:colcon.colcon_core.package_identification:_identify(src/sdv_un_ros) by extension 'colcon_meta'
[0.161s] Level 1:colcon.colcon_core.package_identification:_identify(src/sdv_un_ros) by extensions ['ros']
[0.161s] Level 1:colcon.colcon_core.package_identification:_identify(src/sdv_un_ros) by extension 'ros'
[0.161s] Level 1:colcon.colcon_core.package_identification:_identify(src/sdv_un_ros) by extensions ['cmake', 'python']
[0.161s] Level 1:colcon.colcon_core.package_identification:_identify(src/sdv_un_ros) by extension 'cmake'
[0.161s] Level 1:colcon.colcon_core.package_identification:_identify(src/sdv_un_ros) by extension 'python'
[0.161s] Level 1:colcon.colcon_core.package_identification:_identify(src/sdv_un_ros) by extensions ['python_setup_py']
[0.161s] Level 1:colcon.colcon_core.package_identification:_identify(src/sdv_un_ros) by extension 'python_setup_py'
[0.161s] Level 1:colcon.colcon_core.package_identification:_identify(src/sdv_un_ros/sdv_joystick) by extensions ['ignore', 'ignore_ament_install']
[0.161s] Level 1:colcon.colcon_core.package_identification:_identify(src/sdv_un_ros/sdv_joystick) by extension 'ignore'
[0.161s] Level 1:colcon.colcon_core.package_identification:_identify(src/sdv_un_ros/sdv_joystick) by extension 'ignore_ament_install'
[0.161s] Level 1:colcon.colcon_core.package_identification:_identify(src/sdv_un_ros/sdv_joystick) by extensions ['colcon_pkg']
[0.161s] Level 1:colcon.colcon_core.package_identification:_identify(src/sdv_un_ros/sdv_joystick) by extension 'colcon_pkg'
[0.161s] Level 1:colcon.colcon_core.package_identification:_identify(src/sdv_un_ros/sdv_joystick) by extensions ['colcon_meta']
[0.162s] Level 1:colcon.colcon_core.package_identification:_identify(src/sdv_un_ros/sdv_joystick) by extension 'colcon_meta'
[0.162s] Level 1:colcon.colcon_core.package_identification:_identify(src/sdv_un_ros/sdv_joystick) by extensions ['ros']
[0.162s] Level 1:colcon.colcon_core.package_identification:_identify(src/sdv_un_ros/sdv_joystick) by extension 'ros'
[0.162s] DEBUG:colcon.colcon_core.package_identification:Package 'src/sdv_un_ros/sdv_joystick' with type 'ros.ament_cmake' and name 'sdv_joystick'
[0.162s] Level 1:colcon.colcon_core.package_identification:_identify(src/sdv_un_ros/sdv_msgs) by extensions ['ignore', 'ignore_ament_install']
[0.162s] Level 1:colcon.colcon_core.package_identification:_identify(src/sdv_un_ros/sdv_msgs) by extension 'ignore'
[0.162s] Level 1:colcon.colcon_core.package_identification:_identify(src/sdv_un_ros/sdv_msgs) by extension 'ignore_ament_install'
[0.162s] Level 1:colcon.colcon_core.package_identification:_identify(src/sdv_un_ros/sdv_msgs) by extensions ['colcon_pkg']
[0.162s] Level 1:colcon.colcon_core.package_identification:_identify(src/sdv_un_ros/sdv_msgs) by extension 'colcon_pkg'
[0.162s] Level 1:colcon.colcon_core.package_identification:_identify(src/sdv_un_ros/sdv_msgs) by extensions ['colcon_meta']
[0.162s] Level 1:colcon.colcon_core.package_identification:_identify(src/sdv_un_ros/sdv_msgs) by extension 'colcon_meta'
[0.162s] Level 1:colcon.colcon_core.package_identification:_identify(src/sdv_un_ros/sdv_msgs) by extensions ['ros']
[0.162s] Level 1:colcon.colcon_core.package_identification:_identify(src/sdv_un_ros/sdv_msgs) by extension 'ros'
[0.163s] DEBUG:colcon.colcon_core.package_identification:Package 'src/sdv_un_ros/sdv_msgs' with type 'ros.ament_cmake' and name 'sdv_msgs'
[0.163s] Level 1:colcon.colcon_core.package_identification:_identify(src/sdv_un_ros/sdv_nav) by extensions ['ignore', 'ignore_ament_install']
[0.163s] Level 1:colcon.colcon_core.package_identification:_identify(src/sdv_un_ros/sdv_nav) by extension 'ignore'
[0.163s] Level 1:colcon.colcon_core.package_identification:_identify(src/sdv_un_ros/sdv_nav) by extension 'ignore_ament_install'
[0.163s] Level 1:colcon.colcon_core.package_identification:_identify(src/sdv_un_ros/sdv_nav) by extensions ['colcon_pkg']
[0.163s] Level 1:colcon.colcon_core.package_identification:_identify(src/sdv_un_ros/sdv_nav) by extension 'colcon_pkg'
[0.163s] Level 1:colcon.colcon_core.package_identification:_identify(src/sdv_un_ros/sdv_nav) by extensions ['colcon_meta']
[0.163s] Level 1:colcon.colcon_core.package_identification:_identify(src/sdv_un_ros/sdv_nav) by extension 'colcon_meta'
[0.163s] Level 1:colcon.colcon_core.package_identification:_identify(src/sdv_un_ros/sdv_nav) by extensions ['ros']
[0.163s] Level 1:colcon.colcon_core.package_identification:_identify(src/sdv_un_ros/sdv_nav) by extension 'ros'
[0.164s] DEBUG:colcon.colcon_core.package_identification:Package 'src/sdv_un_ros/sdv_nav' with type 'ros.ament_cmake' and name 'sdv_nav'
[0.164s] Level 1:colcon.colcon_core.package_identification:_identify(src/sdv_un_ros/sdv_platform) by extensions ['ignore', 'ignore_ament_install']
[0.164s] Level 1:colcon.colcon_core.package_identification:_identify(src/sdv_un_ros/sdv_platform) by extension 'ignore'
[0.164s] Level 1:colcon.colcon_core.package_identification:_identify(src/sdv_un_ros/sdv_platform) by extension 'ignore_ament_install'
[0.164s] Level 1:colcon.colcon_core.package_identification:_identify(src/sdv_un_ros/sdv_platform) by extensions ['colcon_pkg']
[0.164s] Level 1:colcon.colcon_core.package_identification:_identify(src/sdv_un_ros/sdv_platform) by extension 'colcon_pkg'
[0.164s] Level 1:colcon.colcon_core.package_identification:_identify(src/sdv_un_ros/sdv_platform) by extensions ['colcon_meta']
[0.164s] Level 1:colcon.colcon_core.package_identification:_identify(src/sdv_un_ros/sdv_platform) by extension 'colcon_meta'
[0.164s] Level 1:colcon.colcon_core.package_identification:_identify(src/sdv_un_ros/sdv_platform) by extensions ['ros']
[0.164s] Level 1:colcon.colcon_core.package_identification:_identify(src/sdv_un_ros/sdv_platform) by extension 'ros'
[0.164s] DEBUG:colcon.colcon_core.package_identification:Package 'src/sdv_un_ros/sdv_platform' with type 'ros.catkin' and name 'camera_platform'
[0.165s] Level 1:colcon.colcon_core.package_identification:_identify(src/sdv_un_ros/sdv_process) by extensions ['ignore', 'ignore_ament_install']
[0.165s] Level 1:colcon.colcon_core.package_identification:_identify(src/sdv_un_ros/sdv_process) by extension 'ignore'
[0.165s] Level 1:colcon.colcon_core.package_identification:_identify(src/sdv_un_ros/sdv_process) by extension 'ignore_ament_install'
[0.165s] Level 1:colcon.colcon_core.package_identification:_identify(src/sdv_un_ros/sdv_process) by extensions ['colcon_pkg']
[0.165s] Level 1:colcon.colcon_core.package_identification:_identify(src/sdv_un_ros/sdv_process) by extension 'colcon_pkg'
[0.165s] Level 1:colcon.colcon_core.package_identification:_identify(src/sdv_un_ros/sdv_process) by extensions ['colcon_meta']
[0.165s] Level 1:colcon.colcon_core.package_identification:_identify(src/sdv_un_ros/sdv_process) by extension 'colcon_meta'
[0.165s] Level 1:colcon.colcon_core.package_identification:_identify(src/sdv_un_ros/sdv_process) by extensions ['ros']
[0.165s] Level 1:colcon.colcon_core.package_identification:_identify(src/sdv_un_ros/sdv_process) by extension 'ros'
[0.165s] DEBUG:colcon.colcon_core.package_identification:Package 'src/sdv_un_ros/sdv_process' with type 'ros.ament_cmake' and name 'sdv_process'
[0.166s] Level 1:colcon.colcon_core.package_identification:_identify(src/sdv_un_ros/sdv_serial) by extensions ['ignore', 'ignore_ament_install']
[0.166s] Level 1:colcon.colcon_core.package_identification:_identify(src/sdv_un_ros/sdv_serial) by extension 'ignore'
[0.166s] Level 1:colcon.colcon_core.package_identification:_identify(src/sdv_un_ros/sdv_serial) by extension 'ignore_ament_install'
[0.166s] Level 1:colcon.colcon_core.package_identification:_identify(src/sdv_un_ros/sdv_serial) by extensions ['colcon_pkg']
[0.166s] Level 1:colcon.colcon_core.package_identification:_identify(src/sdv_un_ros/sdv_serial) by extension 'colcon_pkg'
[0.166s] Level 1:colcon.colcon_core.package_identification:_identify(src/sdv_un_ros/sdv_serial) by extensions ['colcon_meta']
[0.166s] Level 1:colcon.colcon_core.package_identification:_identify(src/sdv_un_ros/sdv_serial) by extension 'colcon_meta'
[0.166s] Level 1:colcon.colcon_core.package_identification:_identify(src/sdv_un_ros/sdv_serial) by extensions ['ros']
[0.166s] Level 1:colcon.colcon_core.package_identification:_identify(src/sdv_un_ros/sdv_serial) by extension 'ros'
[0.166s] DEBUG:colcon.colcon_core.package_identification:Package 'src/sdv_un_ros/sdv_serial' with type 'ros.catkin' and name 'sdv_serial'
[0.166s] Level 1:colcon.colcon_core.package_discovery:discover_packages(recursive) using defaults
[0.166s] Level 1:colcon.colcon_core.package_discovery:discover_packages(ignore) discover
[0.166s] Level 1:colcon.colcon_core.package_discovery:discover_packages(ignore) using defaults
[0.166s] Level 1:colcon.colcon_core.package_discovery:discover_packages(path) discover
[0.166s] Level 1:colcon.colcon_core.package_discovery:discover_packages(path) using defaults
[0.183s] INFO:colcon.colcon_core.package_selection:Skipping not selected package 'camera_platform' in 'src/sdv_un_ros/sdv_platform'
[0.183s] INFO:colcon.colcon_core.package_selection:Skipping not selected package 'sdv_joystick' in 'src/sdv_un_ros/sdv_joystick'
[0.183s] INFO:colcon.colcon_core.package_selection:Skipping not selected package 'sdv_nav' in 'src/sdv_un_ros/sdv_nav'
[0.183s] INFO:colcon.colcon_core.package_selection:Skipping not selected package 'sdv_scripts' in 'src/sdv_scripts'
[0.183s] INFO:colcon.colcon_core.package_selection:Skipping not selected package 'sdv_serial' in 'src/sdv_un_ros/sdv_serial'
[0.183s] INFO:colcon.colcon_core.package_selection:Skipping not selected package 'sdv_process' in 'src/sdv_un_ros/sdv_process'
[0.183s] Level 1:colcon.colcon_core.package_discovery:discover_packages(prefix_path) check parameters
[0.183s] Level 1:colcon.colcon_core.package_discovery:discover_packages(prefix_path) discover
[0.184s] WARNING:colcon.colcon_ros.prefix_path.ament:The path '/home/cafsanchezdi/ros2_ws/install/sdv_process' in the environment variable AMENT_PREFIX_PATH doesn't exist
[0.184s] WARNING:colcon.colcon_ros.prefix_path.ament:The path '/home/cafsanchezdi/ros2_ws/install/sdv_nav' in the environment variable AMENT_PREFIX_PATH doesn't exist
[0.184s] WARNING:colcon.colcon_ros.prefix_path.ament:The path '/home/cafsanchezdi/ros2_ws/install/sdv_msgs' in the environment variable AMENT_PREFIX_PATH doesn't exist
[0.184s] WARNING:colcon.colcon_ros.prefix_path.ament:The path '/home/cafsanchezdi/ros2_ws/install/sdv_joystick' in the environment variable AMENT_PREFIX_PATH doesn't exist
[0.184s] WARNING:colcon.colcon_ros.prefix_path.ament:The path '/home/cafsanchezdi/ros2_ws/install/rtabmap_python' in the environment variable AMENT_PREFIX_PATH doesn't exist
[0.184s] WARNING:colcon.colcon_ros.prefix_path.ament:The path '/home/cafsanchezdi/ros2_ws/install/rtabmap_conversions' in the environment variable AMENT_PREFIX_PATH doesn't exist
[0.184s] WARNING:colcon.colcon_ros.prefix_path.ament:The path '/home/cafsanchezdi/ros2_ws/install/rtabmap_msgs' in the environment variable AMENT_PREFIX_PATH doesn't exist
[0.184s] WARNING:colcon.colcon_ros.prefix_path.catkin:The path '/home/cafsanchezdi/ros2_ws/install/sdv_process' in the environment variable CMAKE_PREFIX_PATH doesn't exist
[0.184s] WARNING:colcon.colcon_ros.prefix_path.catkin:The path '/home/cafsanchezdi/ros2_ws/install/sdv_serial' in the environment variable CMAKE_PREFIX_PATH doesn't exist
[0.185s] WARNING:colcon.colcon_ros.prefix_path.catkin:The path '/home/cafsanchezdi/ros2_ws/install/sdv_nav' in the environment variable CMAKE_PREFIX_PATH doesn't exist
[0.185s] WARNING:colcon.colcon_ros.prefix_path.catkin:The path '/home/cafsanchezdi/ros2_ws/install/sdv_msgs' in the environment variable CMAKE_PREFIX_PATH doesn't exist
[0.185s] WARNING:colcon.colcon_ros.prefix_path.catkin:The path '/home/cafsanchezdi/ros2_ws/install/sdv_joystick' in the environment variable CMAKE_PREFIX_PATH doesn't exist
[0.185s] WARNING:colcon.colcon_ros.prefix_path.catkin:The path '/home/cafsanchezdi/ros2_ws/install/rtabmap_conversions' in the environment variable CMAKE_PREFIX_PATH doesn't exist
[0.185s] WARNING:colcon.colcon_ros.prefix_path.catkin:The path '/home/cafsanchezdi/ros2_ws/install/rtabmap_msgs' in the environment variable CMAKE_PREFIX_PATH doesn't exist
[0.185s] WARNING:colcon.colcon_ros.prefix_path.catkin:The path '/home/cafsanchezdi/ros2_ws/install/camera_platform' in the environment variable CMAKE_PREFIX_PATH doesn't exist
[0.186s] DEBUG:colcon.colcon_installed_package_information.package_discovery:Found 1 installed packages in /home/cafsanchezdi/ros2_ws/install
[0.188s] DEBUG:colcon.colcon_installed_package_information.package_discovery:Found 410 installed packages in /opt/ros/jazzy
[0.190s] Level 1:colcon.colcon_core.package_discovery:discover_packages(prefix_path) using defaults
[0.241s] Level 5:colcon.colcon_core.verb:set package 'sdv_msgs' build argument 'cmake_args' from command line to 'None'
[0.241s] Level 5:colcon.colcon_core.verb:set package 'sdv_msgs' build argument 'cmake_target' from command line to 'None'
[0.241s] Level 5:colcon.colcon_core.verb:set package 'sdv_msgs' build argument 'cmake_target_skip_unavailable' from command line to 'False'
[0.241s] Level 5:colcon.colcon_core.verb:set package 'sdv_msgs' build argument 'cmake_clean_cache' from command line to 'False'
[0.241s] Level 5:colcon.colcon_core.verb:set package 'sdv_msgs' build argument 'cmake_clean_first' from command line to 'False'
[0.241s] Level 5:colcon.colcon_core.verb:set package 'sdv_msgs' build argument 'cmake_force_configure' from command line to 'False'
[0.241s] Level 5:colcon.colcon_core.verb:set package 'sdv_msgs' build argument 'ament_cmake_args' from command line to 'None'
[0.241s] Level 5:colcon.colcon_core.verb:set package 'sdv_msgs' build argument 'catkin_cmake_args' from command line to 'None'
[0.241s] Level 5:colcon.colcon_core.verb:set package 'sdv_msgs' build argument 'catkin_skip_building_tests' from command line to 'False'
[0.241s] DEBUG:colcon.colcon_core.verb:Building package 'sdv_msgs' with the following arguments: {'ament_cmake_args': None, 'build_base': '/home/cafsanchezdi/ros2_ws/build/sdv_msgs', 'catkin_cmake_args': None, 'catkin_skip_building_tests': False, 'cmake_args': None, 'cmake_clean_cache': False, 'cmake_clean_first': False, 'cmake_force_configure': False, 'cmake_target': None, 'cmake_target_skip_unavailable': False, 'install_base': '/home/cafsanchezdi/ros2_ws/install/sdv_msgs', 'merge_install': False, 'path': '/home/cafsanchezdi/ros2_ws/src/sdv_un_ros/sdv_msgs', 'symlink_install': False, 'test_result_base': None}
[0.241s] INFO:colcon.colcon_core.executor:Executing jobs using 'parallel' executor
[0.242s] DEBUG:colcon.colcon_parallel_executor.executor.parallel:run_until_complete
[0.243s] INFO:colcon.colcon_ros.task.ament_cmake.build:Building ROS package in '/home/cafsanchezdi/ros2_ws/src/sdv_un_ros/sdv_msgs' with build type 'ament_cmake'
[0.243s] INFO:colcon.colcon_cmake.task.cmake.build:Building CMake package in '/home/cafsanchezdi/ros2_ws/src/sdv_un_ros/sdv_msgs'
[0.246s] INFO:colcon.colcon_core.plugin_system:Skipping extension 'colcon_core.shell.bat': Not used on non-Windows systems
[0.246s] INFO:colcon.colcon_core.shell:Skip shell extension 'powershell' for command environment: Not usable outside of PowerShell
[0.246s] DEBUG:colcon.colcon_core.shell:Skip shell extension 'dsv' for command environment
[0.260s] DEBUG:colcon.colcon_core.event_handler.log_command:Invoking command in '/home/cafsanchezdi/ros2_ws/build/sdv_msgs': CMAKE_PREFIX_PATH=/home/cafsanchezdi/ros2_ws/install/sdv_process:/home/cafsanchezdi/ros2_ws/install/sdv_serial:/home/cafsanchezdi/ros2_ws/install/rtabmap_python:/opt/ros/jazzy:/home/cafsanchezdi/ros2_ws/install/sdv_scripts:/home/cafsanchezdi/ros2_ws/install/sdv_nav:/home/cafsanchezdi/ros2_ws/install/sdv_msgs:/home/cafsanchezdi/ros2_ws/install/sdv_joystick:/home/cafsanchezdi/ros2_ws/install/rtabmap_conversions:/home/cafsanchezdi/ros2_ws/install/rtabmap_msgs:/home/cafsanchezdi/ros2_ws/install/camera_platform:/opt/ros/jazzy/opt/gz_sim_vendor:/opt/ros/jazzy/opt/gz_sensors_vendor:/opt/ros/jazzy/opt/gz_physics_vendor:/opt/ros/jazzy/opt/sdformat_vendor:/opt/ros/jazzy/opt/gz_gui_vendor:/opt/ros/jazzy/opt/gz_transport_vendor:/opt/ros/jazzy/opt/gz_rendering_vendor:/opt/ros/jazzy/opt/gz_plugin_vendor:/opt/ros/jazzy/opt/gz_fuel_tools_vendor:/opt/ros/jazzy/opt/gz_msgs_vendor:/opt/ros/jazzy/opt/gz_common_vendor:/opt/ros/jazzy/opt/gz_math_vendor:/opt/ros/jazzy/opt/gz_utils_vendor:/opt/ros/jazzy/opt/gz_tools_vendor:/opt/ros/jazzy/opt/gz_ogre_next_vendor:/opt/ros/jazzy/opt/gz_dartsim_vendor:/opt/ros/jazzy/opt/gz_cmake_vendor DEBUGINFOD_URLS=https://debuginfod.ubuntu.com /usr/bin/cmake /home/cafsanchezdi/ros2_ws/src/sdv_un_ros/sdv_msgs -DCMAKE_INSTALL_PREFIX=/home/cafsanchezdi/ros2_ws/install/sdv_msgs
[4.439s] DEBUG:colcon.colcon_core.event_handler.log_command:Invoked command in '/home/cafsanchezdi/ros2_ws/build/sdv_msgs' returned '0': CMAKE_PREFIX_PATH=/home/cafsanchezdi/ros2_ws/install/sdv_process:/home/cafsanchezdi/ros2_ws/install/sdv_serial:/home/cafsanchezdi/ros2_ws/install/rtabmap_python:/opt/ros/jazzy:/home/cafsanchezdi/ros2_ws/install/sdv_scripts:/home/cafsanchezdi/ros2_ws/install/sdv_nav:/home/cafsanchezdi/ros2_ws/install/sdv_msgs:/home/cafsanchezdi/ros2_ws/install/sdv_joystick:/home/cafsanchezdi/ros2_ws/install/rtabmap_conversions:/home/cafsanchezdi/ros2_ws/install/rtabmap_msgs:/home/cafsanchezdi/ros2_ws/install/camera_platform:/opt/ros/jazzy/opt/gz_sim_vendor:/opt/ros/jazzy/opt/gz_sensors_vendor:/opt/ros/jazzy/opt/gz_physics_vendor:/opt/ros/jazzy/opt/sdformat_vendor:/opt/ros/jazzy/opt/gz_gui_vendor:/opt/ros/jazzy/opt/gz_transport_vendor:/opt/ros/jazzy/opt/gz_rendering_vendor:/opt/ros/jazzy/opt/gz_plugin_vendor:/opt/ros/jazzy/opt/gz_fuel_tools_vendor:/opt/ros/jazzy/opt/gz_msgs_vendor:/opt/ros/jazzy/opt/gz_common_vendor:/opt/ros/jazzy/opt/gz_math_vendor:/opt/ros/jazzy/opt/gz_utils_vendor:/opt/ros/jazzy/opt/gz_tools_vendor:/opt/ros/jazzy/opt/gz_ogre_next_vendor:/opt/ros/jazzy/opt/gz_dartsim_vendor:/opt/ros/jazzy/opt/gz_cmake_vendor DEBUGINFOD_URLS=https://debuginfod.ubuntu.com /usr/bin/cmake /home/cafsanchezdi/ros2_ws/src/sdv_un_ros/sdv_msgs -DCMAKE_INSTALL_PREFIX=/home/cafsanchezdi/ros2_ws/install/sdv_msgs
[4.439s] DEBUG:colcon.colcon_core.event_handler.log_command:Invoking command in '/home/cafsanchezdi/ros2_ws/build/sdv_msgs': CMAKE_PREFIX_PATH=/home/cafsanchezdi/ros2_ws/install/sdv_process:/home/cafsanchezdi/ros2_ws/install/sdv_serial:/home/cafsanchezdi/ros2_ws/install/rtabmap_python:/opt/ros/jazzy:/home/cafsanchezdi/ros2_ws/install/sdv_scripts:/home/cafsanchezdi/ros2_ws/install/sdv_nav:/home/cafsanchezdi/ros2_ws/install/sdv_msgs:/home/cafsanchezdi/ros2_ws/install/sdv_joystick:/home/cafsanchezdi/ros2_ws/install/rtabmap_conversions:/home/cafsanchezdi/ros2_ws/install/rtabmap_msgs:/home/cafsanchezdi/ros2_ws/install/camera_platform:/opt/ros/jazzy/opt/gz_sim_vendor:/opt/ros/jazzy/opt/gz_sensors_vendor:/opt/ros/jazzy/opt/gz_physics_vendor:/opt/ros/jazzy/opt/sdformat_vendor:/opt/ros/jazzy/opt/gz_gui_vendor:/opt/ros/jazzy/opt/gz_transport_vendor:/opt/ros/jazzy/opt/gz_rendering_vendor:/opt/ros/jazzy/opt/gz_plugin_vendor:/opt/ros/jazzy/opt/gz_fuel_tools_vendor:/opt/ros/jazzy/opt/gz_msgs_vendor:/opt/ros/jazzy/opt/gz_common_vendor:/opt/ros/jazzy/opt/gz_math_vendor:/opt/ros/jazzy/opt/gz_utils_vendor:/opt/ros/jazzy/opt/gz_tools_vendor:/opt/ros/jazzy/opt/gz_ogre_next_vendor:/opt/ros/jazzy/opt/gz_dartsim_vendor:/opt/ros/jazzy/opt/gz_cmake_vendor DEBUGINFOD_URLS=https://debuginfod.ubuntu.com /usr/bin/cmake --build /home/cafsanchezdi/ros2_ws/build/sdv_msgs -- -j4 -l4
[19.555s] DEBUG:colcon.colcon_core.event_handler.log_command:Invoked command in '/home/cafsanchezdi/ros2_ws/build/sdv_msgs' returned '0': CMAKE_PREFIX_PATH=/home/cafsanchezdi/ros2_ws/install/sdv_process:/home/cafsanchezdi/ros2_ws/install/sdv_serial:/home/cafsanchezdi/ros2_ws/install/rtabmap_python:/opt/ros/jazzy:/home/cafsanchezdi/ros2_ws/install/sdv_scripts:/home/cafsanchezdi/ros2_ws/install/sdv_nav:/home/cafsanchezdi/ros2_ws/install/sdv_msgs:/home/cafsanchezdi/ros2_ws/install/sdv_joystick:/home/cafsanchezdi/ros2_ws/install/rtabmap_conversions:/home/cafsanchezdi/ros2_ws/install/rtabmap_msgs:/home/cafsanchezdi/ros2_ws/install/camera_platform:/opt/ros/jazzy/opt/gz_sim_vendor:/opt/ros/jazzy/opt/gz_sensors_vendor:/opt/ros/jazzy/opt/gz_physics_vendor:/opt/ros/jazzy/opt/sdformat_vendor:/opt/ros/jazzy/opt/gz_gui_vendor:/opt/ros/jazzy/opt/gz_transport_vendor:/opt/ros/jazzy/opt/gz_rendering_vendor:/opt/ros/jazzy/opt/gz_plugin_vendor:/opt/ros/jazzy/opt/gz_fuel_tools_vendor:/opt/ros/jazzy/opt/gz_msgs_vendor:/opt/ros/jazzy/opt/gz_common_vendor:/opt/ros/jazzy/opt/gz_math_vendor:/opt/ros/jazzy/opt/gz_utils_vendor:/opt/ros/jazzy/opt/gz_tools_vendor:/opt/ros/jazzy/opt/gz_ogre_next_vendor:/opt/ros/jazzy/opt/gz_dartsim_vendor:/opt/ros/jazzy/opt/gz_cmake_vendor DEBUGINFOD_URLS=https://debuginfod.ubuntu.com /usr/bin/cmake --build /home/cafsanchezdi/ros2_ws/build/sdv_msgs -- -j4 -l4
[19.570s] DEBUG:colcon.colcon_core.event_handler.log_command:Invoking command in '/home/cafsanchezdi/ros2_ws/build/sdv_msgs': CMAKE_PREFIX_PATH=/home/cafsanchezdi/ros2_ws/install/sdv_process:/home/cafsanchezdi/ros2_ws/install/sdv_serial:/home/cafsanchezdi/ros2_ws/install/rtabmap_python:/opt/ros/jazzy:/home/cafsanchezdi/ros2_ws/install/sdv_scripts:/home/cafsanchezdi/ros2_ws/install/sdv_nav:/home/cafsanchezdi/ros2_ws/install/sdv_msgs:/home/cafsanchezdi/ros2_ws/install/sdv_joystick:/home/cafsanchezdi/ros2_ws/install/rtabmap_conversions:/home/cafsanchezdi/ros2_ws/install/rtabmap_msgs:/home/cafsanchezdi/ros2_ws/install/camera_platform:/opt/ros/jazzy/opt/gz_sim_vendor:/opt/ros/jazzy/opt/gz_sensors_vendor:/opt/ros/jazzy/opt/gz_physics_vendor:/opt/ros/jazzy/opt/sdformat_vendor:/opt/ros/jazzy/opt/gz_gui_vendor:/opt/ros/jazzy/opt/gz_transport_vendor:/opt/ros/jazzy/opt/gz_rendering_vendor:/opt/ros/jazzy/opt/gz_plugin_vendor:/opt/ros/jazzy/opt/gz_fuel_tools_vendor:/opt/ros/jazzy/opt/gz_msgs_vendor:/opt/ros/jazzy/opt/gz_common_vendor:/opt/ros/jazzy/opt/gz_math_vendor:/opt/ros/jazzy/opt/gz_utils_vendor:/opt/ros/jazzy/opt/gz_tools_vendor:/opt/ros/jazzy/opt/gz_ogre_next_vendor:/opt/ros/jazzy/opt/gz_dartsim_vendor:/opt/ros/jazzy/opt/gz_cmake_vendor DEBUGINFOD_URLS=https://debuginfod.ubuntu.com /usr/bin/cmake --install /home/cafsanchezdi/ros2_ws/build/sdv_msgs
[19.738s] Level 1:colcon.colcon_core.environment:create_environment_scripts_only(sdv_msgs)
[19.739s] DEBUG:colcon.colcon_core.event_handler.log_command:Invoked command in '/home/cafsanchezdi/ros2_ws/build/sdv_msgs' returned '0': CMAKE_PREFIX_PATH=/home/cafsanchezdi/ros2_ws/install/sdv_process:/home/cafsanchezdi/ros2_ws/install/sdv_serial:/home/cafsanchezdi/ros2_ws/install/rtabmap_python:/opt/ros/jazzy:/home/cafsanchezdi/ros2_ws/install/sdv_scripts:/home/cafsanchezdi/ros2_ws/install/sdv_nav:/home/cafsanchezdi/ros2_ws/install/sdv_msgs:/home/cafsanchezdi/ros2_ws/install/sdv_joystick:/home/cafsanchezdi/ros2_ws/install/rtabmap_conversions:/home/cafsanchezdi/ros2_ws/install/rtabmap_msgs:/home/cafsanchezdi/ros2_ws/install/camera_platform:/opt/ros/jazzy/opt/gz_sim_vendor:/opt/ros/jazzy/opt/gz_sensors_vendor:/opt/ros/jazzy/opt/gz_physics_vendor:/opt/ros/jazzy/opt/sdformat_vendor:/opt/ros/jazzy/opt/gz_gui_vendor:/opt/ros/jazzy/opt/gz_transport_vendor:/opt/ros/jazzy/opt/gz_rendering_vendor:/opt/ros/jazzy/opt/gz_plugin_vendor:/opt/ros/jazzy/opt/gz_fuel_tools_vendor:/opt/ros/jazzy/opt/gz_msgs_vendor:/opt/ros/jazzy/opt/gz_common_vendor:/opt/ros/jazzy/opt/gz_math_vendor:/opt/ros/jazzy/opt/gz_utils_vendor:/opt/ros/jazzy/opt/gz_tools_vendor:/opt/ros/jazzy/opt/gz_ogre_next_vendor:/opt/ros/jazzy/opt/gz_dartsim_vendor:/opt/ros/jazzy/opt/gz_cmake_vendor DEBUGINFOD_URLS=https://debuginfod.ubuntu.com /usr/bin/cmake --install /home/cafsanchezdi/ros2_ws/build/sdv_msgs
[19.741s] Level 1:colcon.colcon_core.environment:checking '/home/cafsanchezdi/ros2_ws/install/sdv_msgs' for CMake module files
[19.742s] Level 1:colcon.colcon_core.environment:checking '/home/cafsanchezdi/ros2_ws/install/sdv_msgs' for CMake config files
[19.743s] Level 1:colcon.colcon_core.shell:create_environment_hook('sdv_msgs', 'cmake_prefix_path')
[19.743s] INFO:colcon.colcon_core.shell:Creating environment hook '/home/cafsanchezdi/ros2_ws/install/sdv_msgs/share/sdv_msgs/hook/cmake_prefix_path.ps1'
[19.744s] INFO:colcon.colcon_core.shell:Creating environment descriptor '/home/cafsanchezdi/ros2_ws/install/sdv_msgs/share/sdv_msgs/hook/cmake_prefix_path.dsv'
[19.744s] INFO:colcon.colcon_core.shell:Creating environment hook '/home/cafsanchezdi/ros2_ws/install/sdv_msgs/share/sdv_msgs/hook/cmake_prefix_path.sh'
[19.745s] Level 1:colcon.colcon_core.environment:checking '/home/cafsanchezdi/ros2_ws/install/sdv_msgs/lib'
[19.745s] Level 1:colcon.colcon_core.shell:create_environment_hook('sdv_msgs', 'ld_library_path_lib')
[19.745s] INFO:colcon.colcon_core.shell:Creating environment hook '/home/cafsanchezdi/ros2_ws/install/sdv_msgs/share/sdv_msgs/hook/ld_library_path_lib.ps1'
[19.746s] INFO:colcon.colcon_core.shell:Creating environment descriptor '/home/cafsanchezdi/ros2_ws/install/sdv_msgs/share/sdv_msgs/hook/ld_library_path_lib.dsv'
[19.746s] INFO:colcon.colcon_core.shell:Creating environment hook '/home/cafsanchezdi/ros2_ws/install/sdv_msgs/share/sdv_msgs/hook/ld_library_path_lib.sh'
[19.746s] Level 1:colcon.colcon_core.environment:checking '/home/cafsanchezdi/ros2_ws/install/sdv_msgs/bin'
[19.746s] Level 1:colcon.colcon_core.environment:checking '/home/cafsanchezdi/ros2_ws/install/sdv_msgs/lib/pkgconfig/sdv_msgs.pc'
[19.746s] Level 1:colcon.colcon_core.environment:checking '/home/cafsanchezdi/ros2_ws/install/sdv_msgs/lib/python3.12/site-packages'
[19.746s] Level 1:colcon.colcon_core.shell:create_environment_hook('sdv_msgs', 'pythonpath')
[19.747s] INFO:colcon.colcon_core.shell:Creating environment hook '/home/cafsanchezdi/ros2_ws/install/sdv_msgs/share/sdv_msgs/hook/pythonpath.ps1'
[19.747s] INFO:colcon.colcon_core.shell:Creating environment descriptor '/home/cafsanchezdi/ros2_ws/install/sdv_msgs/share/sdv_msgs/hook/pythonpath.dsv'
[19.747s] INFO:colcon.colcon_core.shell:Creating environment hook '/home/cafsanchezdi/ros2_ws/install/sdv_msgs/share/sdv_msgs/hook/pythonpath.sh'
[19.748s] Level 1:colcon.colcon_core.environment:checking '/home/cafsanchezdi/ros2_ws/install/sdv_msgs/bin'
[19.748s] INFO:colcon.colcon_core.shell:Creating package script '/home/cafsanchezdi/ros2_ws/install/sdv_msgs/share/sdv_msgs/package.ps1'
[19.748s] INFO:colcon.colcon_core.shell:Creating package descriptor '/home/cafsanchezdi/ros2_ws/install/sdv_msgs/share/sdv_msgs/package.dsv'
[19.749s] INFO:colcon.colcon_core.shell:Creating package script '/home/cafsanchezdi/ros2_ws/install/sdv_msgs/share/sdv_msgs/package.sh'
[19.750s] INFO:colcon.colcon_core.shell:Creating package script '/home/cafsanchezdi/ros2_ws/install/sdv_msgs/share/sdv_msgs/package.bash'
[19.750s] INFO:colcon.colcon_core.shell:Creating package script '/home/cafsanchezdi/ros2_ws/install/sdv_msgs/share/sdv_msgs/package.zsh'
[19.750s] Level 1:colcon.colcon_core.environment:create_file_with_runtime_dependencies(/home/cafsanchezdi/ros2_ws/install/sdv_msgs/share/colcon-core/packages/sdv_msgs)
[19.751s] Level 1:colcon.colcon_core.environment:create_environment_scripts_only(sdv_msgs)
[19.751s] Level 1:colcon.colcon_core.environment:checking '/home/cafsanchezdi/ros2_ws/install/sdv_msgs' for CMake module files
[19.752s] Level 1:colcon.colcon_core.environment:checking '/home/cafsanchezdi/ros2_ws/install/sdv_msgs' for CMake config files
[19.752s] Level 1:colcon.colcon_core.shell:create_environment_hook('sdv_msgs', 'cmake_prefix_path')
[19.752s] INFO:colcon.colcon_core.shell:Creating environment hook '/home/cafsanchezdi/ros2_ws/install/sdv_msgs/share/sdv_msgs/hook/cmake_prefix_path.ps1'
[19.753s] INFO:colcon.colcon_core.shell:Creating environment descriptor '/home/cafsanchezdi/ros2_ws/install/sdv_msgs/share/sdv_msgs/hook/cmake_prefix_path.dsv'
[19.754s] INFO:colcon.colcon_core.shell:Creating environment hook '/home/cafsanchezdi/ros2_ws/install/sdv_msgs/share/sdv_msgs/hook/cmake_prefix_path.sh'
[19.754s] Level 1:colcon.colcon_core.environment:checking '/home/cafsanchezdi/ros2_ws/install/sdv_msgs/lib'
[19.754s] Level 1:colcon.colcon_core.shell:create_environment_hook('sdv_msgs', 'ld_library_path_lib')
[19.755s] INFO:colcon.colcon_core.shell:Creating environment hook '/home/cafsanchezdi/ros2_ws/install/sdv_msgs/share/sdv_msgs/hook/ld_library_path_lib.ps1'
[19.755s] INFO:colcon.colcon_core.shell:Creating environment descriptor '/home/cafsanchezdi/ros2_ws/install/sdv_msgs/share/sdv_msgs/hook/ld_library_path_lib.dsv'
[19.756s] INFO:colcon.colcon_core.shell:Creating environment hook '/home/cafsanchezdi/ros2_ws/install/sdv_msgs/share/sdv_msgs/hook/ld_library_path_lib.sh'
[19.757s] Level 1:colcon.colcon_core.environment:checking '/home/cafsanchezdi/ros2_ws/install/sdv_msgs/bin'
[19.757s] Level 1:colcon.colcon_core.environment:checking '/home/cafsanchezdi/ros2_ws/install/sdv_msgs/lib/pkgconfig/sdv_msgs.pc'
[19.757s] Level 1:colcon.colcon_core.environment:checking '/home/cafsanchezdi/ros2_ws/install/sdv_msgs/lib/python3.12/site-packages'
[19.757s] Level 1:colcon.colcon_core.shell:create_environment_hook('sdv_msgs', 'pythonpath')
[19.757s] INFO:colcon.colcon_core.shell:Creating environment hook '/home/cafsanchezdi/ros2_ws/install/sdv_msgs/share/sdv_msgs/hook/pythonpath.ps1'
[19.758s] INFO:colcon.colcon_core.shell:Creating environment descriptor '/home/cafsanchezdi/ros2_ws/install/sdv_msgs/share/sdv_msgs/hook/pythonpath.dsv'
[19.759s] INFO:colcon.colcon_core.shell:Creating environment hook '/home/cafsanchezdi/ros2_ws/install/sdv_msgs/share/sdv_msgs/hook/pythonpath.sh'
[19.759s] Level 1:colcon.colcon_core.environment:checking '/home/cafsanchezdi/ros2_ws/install/sdv_msgs/bin'
[19.760s] INFO:colcon.colcon_core.shell:Creating package script '/home/cafsanchezdi/ros2_ws/install/sdv_msgs/share/sdv_msgs/package.ps1'
[19.760s] INFO:colcon.colcon_core.shell:Creating package descriptor '/home/cafsanchezdi/ros2_ws/install/sdv_msgs/share/sdv_msgs/package.dsv'
[19.761s] INFO:colcon.colcon_core.shell:Creating package script '/home/cafsanchezdi/ros2_ws/install/sdv_msgs/share/sdv_msgs/package.sh'
[19.761s] INFO:colcon.colcon_core.shell:Creating package script '/home/cafsanchezdi/ros2_ws/install/sdv_msgs/share/sdv_msgs/package.bash'
[19.762s] INFO:colcon.colcon_core.shell:Creating package script '/home/cafsanchezdi/ros2_ws/install/sdv_msgs/share/sdv_msgs/package.zsh'
[19.762s] Level 1:colcon.colcon_core.environment:create_file_with_runtime_dependencies(/home/cafsanchezdi/ros2_ws/install/sdv_msgs/share/colcon-core/packages/sdv_msgs)
[19.763s] DEBUG:colcon.colcon_parallel_executor.executor.parallel:closing loop
[19.763s] DEBUG:colcon.colcon_parallel_executor.executor.parallel:loop closed
[19.763s] DEBUG:colcon.colcon_parallel_executor.executor.parallel:run_until_complete finished with '0'
[19.763s] DEBUG:colcon.colcon_core.event_reactor:joining thread
[19.770s] INFO:colcon.colcon_core.plugin_system:Skipping extension 'colcon_notification.desktop_notification.terminal_notifier': Not used on non-Darwin systems
[19.770s] INFO:colcon.colcon_core.plugin_system:Skipping extension 'colcon_notification.desktop_notification.win32': Not used on non-Windows systems
[19.770s] INFO:colcon.colcon_notification.desktop_notification:Sending desktop notification using 'notify2'
[19.802s] DEBUG:colcon.colcon_core.event_reactor:joined thread
[19.802s] INFO:colcon.colcon_core.shell:Creating prefix script '/home/cafsanchezdi/ros2_ws/install/local_setup.ps1'
[19.803s] INFO:colcon.colcon_core.shell:Creating prefix util module '/home/cafsanchezdi/ros2_ws/install/_local_setup_util_ps1.py'
[19.804s] INFO:colcon.colcon_core.shell:Creating prefix chain script '/home/cafsanchezdi/ros2_ws/install/setup.ps1'
[19.805s] INFO:colcon.colcon_core.shell:Creating prefix script '/home/cafsanchezdi/ros2_ws/install/local_setup.sh'
[19.806s] INFO:colcon.colcon_core.shell:Creating prefix util module '/home/cafsanchezdi/ros2_ws/install/_local_setup_util_sh.py'
[19.807s] INFO:colcon.colcon_core.shell:Creating prefix chain script '/home/cafsanchezdi/ros2_ws/install/setup.sh'
[19.808s] INFO:colcon.colcon_core.shell:Creating prefix script '/home/cafsanchezdi/ros2_ws/install/local_setup.bash'
[19.808s] INFO:colcon.colcon_core.shell:Creating prefix chain script '/home/cafsanchezdi/ros2_ws/install/setup.bash'
[19.810s] INFO:colcon.colcon_core.shell:Creating prefix script '/home/cafsanchezdi/ros2_ws/install/local_setup.zsh'
[19.810s] INFO:colcon.colcon_core.shell:Creating prefix chain script '/home/cafsanchezdi/ros2_ws/install/setup.zsh'
